#
# A fatal error has been detected by the Java Runtime Environment:
#
#  SIGSEGV (0xb) at pc=0x00007ff81c4e31dd, pid=62240, tid=259
#
# JRE version: OpenJDK Runtime Environment (16.0.2+7) (build 16.0.2+7-67)
# Java VM: OpenJDK 64-Bit Server VM (16.0.2+7-67, mixed mode, tiered, compressed oops, compressed class ptrs, g1 gc, bsd-amd64)
# Problematic frame:
# C  [libobjc.A.dylib+0x71dd]  objc_msgSend+0x1d
#
# No core dump will be written. Core dumps have been disabled. To enable core dumping, try "ulimit -c unlimited" before starting Java again
#
# If you would like to submit a bug report, please visit:
#   https://bugreport.java.com/bugreport/crash.jsp
# The crash happened outside the Java Virtual Machine in native code.
# See problematic frame for where to report the bug.
#

---------------  S U M M A R Y ------------

Command Line: -Dfile.encoding=UTF-8 -XX:+ShowCodeDetailsInExceptionMessages mygame.Main

Host: MacBookAir10,1 x86_64 2400 MHz, 8 cores, 8G, Darwin 22.1.0, macOS 10.16 (22A400)
Time: Tue Jan 24 10:36:08 2023 EET elapsed time: 8.531476 seconds (0d 0h 0m 8s)

---------------  T H R E A D  ---------------

Current thread (0x00007fdf1a00b800):  JavaThread "AppKit Thread" daemon [_thread_in_native, id=259, stack(0x0000000308326000,0x0000000308b26000)]

Stack: [0x0000000308326000,0x0000000308b26000],  sp=0x0000000308b1ec18,  free space=8163k
Native frames: (J=compiled Java code, A=aot compiled Java code, j=interpreted, Vv=VM code, C=native code)
C  [libobjc.A.dylib+0x71dd]  objc_msgSend+0x1d
C  [AppKit+0x6e98e5]  __58-[_NSTrackingAreaAKManager _activeTrackingAreasNeedUpdate]_block_invoke+0x11a
C  [AppKit+0x6f405b]  ___NSMainRunLoopPerformBlockInModes_block_invoke+0x19
C  [CoreFoundation+0x7eb45]  __CFRUNLOOP_IS_CALLING_OUT_TO_A_BLOCK__+0xc
C  [CoreFoundation+0x7ea6f]  __CFRunLoopDoBlocks+0x194
C  [CoreFoundation+0x7d8dd]  __CFRunLoopRun+0x3c4
C  [CoreFoundation+0x7ce9f]  CFRunLoopRunSpecific+0x230
C  [HIToolbox+0x2fbd6]  RunCurrentEventLoopInMode+0x124
C  [HIToolbox+0x2f9e6]  ReceiveNextEventCommon+0x2a7
C  [HIToolbox+0x2f723]  _BlockUntilNextEventMatchingListInModeWithFilter+0x46
C  [AppKit+0x3eb37]  _DPSNextEvent+0x38d
C  [AppKit+0x3d9b8]  -[NSApplication(NSEvent) _nextEventMatchingEventMask:untilDate:inMode:dequeue:]+0x4c3
C  [libosxapp.dylib+0x2aba]  -[NSApplicationAWT nextEventMatchingMask:untilDate:inMode:dequeue:]+0x7a
C  [AppKit+0x2fff3]  -[NSApplication run]+0x24a
C  [libosxapp.dylib+0x2889]  +[NSApplicationAWT runAWTLoopWithApp:]+0xb9
C  [libawt_lwawt.dylib+0x3c7f1]  +[AWTStarter starter:headless:]+0x3f1
C  [JavaNativeFoundation+0x98ef]  +[JNFRunLoop _performCopiedBlock:]+0xf
C  [Foundation+0x7f420]  __NSThreadPerformPerform+0xb1
C  [CoreFoundation+0x7eef1]  __CFRUNLOOP_IS_CALLING_OUT_TO_A_SOURCE0_PERFORM_FUNCTION__+0x11
C  [CoreFoundation+0x7eea0]  __CFRunLoopDoSource0+0x9d
C  [CoreFoundation+0x7ec6e]  __CFRunLoopDoSources0+0xd4
C  [CoreFoundation+0x7d8c8]  __CFRunLoopRun+0x3af
C  [CoreFoundation+0x7ce9f]  CFRunLoopRunSpecific+0x230
C  [libjli.dylib+0x6d12]  CreateExecutionEnvironment+0x192
C  [libjli.dylib+0x2745]  JLI_Launch+0x5d5
C  [java+0xc0e]  main+0x19e
C  0x000000020254a310


siginfo: si_signo: 11 (SIGSEGV), si_code: 1 (SEGV_MAPERR), si_addr: 0x0000000000000018

Register to memory mapping:

RAX=0x0000024d585a6bb6 is an unknown value
RBX=0x00007ff81c4e31c0: objc_msgSend+0 in /usr/lib/libobjc.A.dylib at 0x00007ff81c4dc000
RCX=0x0000000080000000 is an unknown value
RDX=0x000000000000024d is an unknown value
RSP=0x0000000308b1ec18 is pointing into the stack for thread: 0x00007fdf1a00b800
RBP=0x0000000308b1efa0 is pointing into the stack for thread: 0x00007fdf1a00b800
RSI=0x00007ff83a5c9b31 points into unknown readable memory: 77 69 6e 64 6f 77 4e
RDI=0x00007fdf1b1c5f70 points into unknown readable memory: 0x0000000000000000 | 00 00 00 00 00 00 00 00
R8 =0x0000000000000001 is an unknown value
R9 =0x0000000000000001 is an unknown value
R10=0x0 is NULL
R11=0x00007ff83a5c9b31 points into unknown readable memory: 77 69 6e 64 6f 77 4e
R12=0x0000600003486a00 points into unknown readable memory: 0x023dfff85e41e485 | 85 e4 41 5e f8 ff 3d 02
R13=0x00007ff81c4e31c0: objc_msgSend+0 in /usr/lib/libobjc.A.dylib at 0x00007ff81c4dc000
R14=0x0 is NULL
R15=0x0000600003e8cfc0 points into unknown readable memory: 0x031dfff85feb51dd | dd 51 eb 5f f8 ff 1d 03


Registers:
RAX=0x0000024d585a6bb6, RBX=0x00007ff81c4e31c0, RCX=0x0000000080000000, RDX=0x000000000000024d
RSP=0x0000000308b1ec18, RBP=0x0000000308b1efa0, RSI=0x00007ff83a5c9b31, RDI=0x00007fdf1b1c5f70
R8 =0x0000000000000001, R9 =0x0000000000000001, R10=0x0000000000000000, R11=0x00007ff83a5c9b31
R12=0x0000600003486a00, R13=0x00007ff81c4e31c0, R14=0x0000000000000000, R15=0x0000600003e8cfc0
RIP=0x00007ff81c4e31dd, EFLAGS=0x0000000000000247, ERR=0x0000000000000004
  TRAPNO=0x000000000000000e

Top of Stack: (sp=0x0000000308b1ec18)
0x0000000308b1ec18:   00007ff820035dfa 0000000000000000
0x0000000308b1ec28:   0000000000000000 4084000000000000
0x0000000308b1ec38:   407fc00000000000 0000000308b1ec80
0x0000000308b1ec48:   00007ff81c5ae6fc ffffffffff804a80
0x0000000308b1ec58:   000000000000004a 0000000308b1edb0
0x0000000308b1ec68:   00007ff81c9f5d20 0000000308b1ee30
0x0000000308b1ec78:   ffffffffffffffff 0000000308b1ecd0
0x0000000308b1ec88:   00007ff81c5ae336 00007ff85fe9fdf0
0x0000000308b1ec98:   0000600000f52540 00007ff85f5e4e90
0x0000000308b1eca8:   0000000000000000 0000000308b1ee00
0x0000000308b1ecb8:   0000000308b1ee30 000060000147bfb0
0x0000000308b1ecc8:   0000000000000028 0000000308b1ed00
0x0000000308b1ecd8:   00007ff81c5ae3a8 00007ff81f94e9cd
0x0000000308b1ece8:   00007ff81c6ef457 0000000000000000
0x0000000308b1ecf8:   0000000000000403 0000000000000015
0x0000000308b1ed08:   00007ff83a549284 00007ff83a5cd3de
0x0000000308b1ed18:   00007ff83a5c95d9 00007ff83a5d38d6
0x0000000308b1ed28:   00007ff83a646641 00007ff85fe8e4a0
0x0000000308b1ed38:   00000000c2000000 00007ff82003b3c2
0x0000000308b1ed48:   00007ff85c6fb790 0000600001bb1e80
0x0000000308b1ed58:   0000000000000000 0000000000000000
0x0000000308b1ed68:   0000000000000000 4075f42000000000
0x0000000308b1ed78:   4063ab8000000000 4075f42000000000
0x0000000308b1ed88:   4063ab8000000000 00007fdf1b14ae60
0x0000000308b1ed98:   ffffffff01000100 00007ff83a5ca285
0x0000000308b1eda8:   0000600002fbb3c0 00007ff83a54d318
0x0000000308b1edb8:   0000600003486a00 0000600001bb1e80
0x0000000308b1edc8:   0000600001bb24e0 00007fdf1b14ae60
0x0000000308b1edd8:   00007ff83a5c9b31 00007ff83a5d3a68
0x0000000308b1ede8:   00007ff83a54a0d6 0000000000000001
0x0000000308b1edf8:   00007fdf1b1c5f70 0000600001bb2aa0
0x0000000308b1ee08:   000000001c4ee087 40a3c66fa551e731 

Instructions: (pc=0x00007ff81c4e31dd)
0x00007ff81c4e30dd:   89 f8 c3 48 8b 05 61 87 9a 43 ff e0 90 90 90 90
0x00007ff81c4e30ed:   90 90 90 90 90 90 90 90 90 90 90 90 90 90 90 90
0x00007ff81c4e30fd:   90 90 90 31 c0 31 d2 0f 57 c0 0f 57 c9 c3 90 d9
0x00007ff81c4e310d:   ee 31 c0 31 d2 0f 57 c0 0f 57 c9 c3 0f 1f 00 d9
0x00007ff81c4e311d:   ee d9 ee 31 c0 31 d2 0f 57 c0 0f 57 c9 c3 90 48
0x00007ff81c4e312d:   89 f8 c3 49 89 fa 49 89 f3 45 23 5a 18 49 c1 e3
0x00007ff81c4e313d:   04 4d 03 5a 10 49 3b 33 75 0e 49 8b 43 08 48 83
0x00007ff81c4e314d:   f8 00 74 03 4c 31 d0 c3 49 83 3b 01 76 17 49 83
0x00007ff81c4e315d:   c3 10 49 3b 33 75 f1 49 8b 43 08 48 83 f8 00 74
0x00007ff81c4e316d:   03 4c 31 d0 c3 72 25 4d 8b 5b 08 eb 0a 49 83 3b
0x00007ff81c4e317d:   01 76 17 49 83 c3 10 49 3b 33 75 f1 49 8b 43 08
0x00007ff81c4e318d:   48 83 f8 00 74 03 4c 31 d0 c3 eb 00 31 c0 c3 66
0x00007ff81c4e319d:   2e 0f 1f 84 00 00 00 00 00 66 2e 0f 1f 84 00 00
0x00007ff81c4e31ad:   00 00 00 66 2e 0f 1f 84 00 00 00 00 00 66 0f 1f
0x00007ff81c4e31bd:   44 00 00 48 85 ff 2e 74 72 40 f6 c7 01 2e 75 76
0x00007ff81c4e31cd:   49 ba f8 ff ff ff ff 7f 00 00 4c 23 17 49 89 f3
0x00007ff81c4e31dd:   45 23 5a 18 49 c1 e3 04 4d 03 5a 10 49 3b 33 75
0x00007ff81c4e31ed:   0a 4d 8b 5b 08 4d 31 d3 41 ff e3 49 83 3b 01 76
0x00007ff81c4e31fd:   13 49 83 c3 10 49 3b 33 75 f1 4d 8b 5b 08 4d 31
0x00007ff81c4e320d:   d3 41 ff e3 72 70 4d 8b 5b 08 eb 0a 49 83 3b 01
0x00007ff81c4e321d:   76 13 49 83 c3 10 49 3b 33 75 f1 4d 8b 5b 08 4d
0x00007ff81c4e322d:   31 d3 41 ff e3 eb 4f 0f 1f 40 00 31 c0 31 d2 0f
0x00007ff81c4e323d:   57 c0 0f 57 c9 c3 41 89 fb 41 83 e3 0f 4c 8d 15
0x00007ff81c4e324d:   af 69 9a 43 4f 8b 14 da 4c 8d 1d 7c 68 9a 43 4d
0x00007ff81c4e325d:   39 d3 0f 85 75 ff ff ff 41 89 fb 41 c1 eb 04 41
0x00007ff81c4e326d:   81 e3 ff 00 00 00 4c 8d 15 06 6a 9a 43 4f 8b 14
0x00007ff81c4e327d:   da e9 57 ff ff ff e9 88 0a 00 00 66 2e 0f 1f 84
0x00007ff81c4e328d:   00 00 00 00 00 66 2e 0f 1f 84 00 00 00 00 00 66
0x00007ff81c4e329d:   2e 0f 1f 84 00 00 00 00 00 66 2e 0f 1f 84 00 00
0x00007ff81c4e32ad:   00 00 00 66 2e 0f 1f 84 00 00 00 00 00 66 0f 1f
0x00007ff81c4e32bd:   44 00 00 48 85 ff 2e 74 6a 40 f6 c7 01 2e 75 6b
0x00007ff81c4e32cd:   49 ba f8 ff ff ff ff 7f 00 00 4c 23 17 49 89 f3 


Stack slot to memory mapping:
stack at sp + 0 slots: 0x00007ff820035dfa: -[_NSTrackingAreaAKManager _updateActiveTrackingAreasForWindowLocation:]+0x11e1 in /System/Library/Frameworks/AppKit.framework/Versions/C/AppKit at 0x00007ff81f947000
stack at sp + 1 slots: 0x0 is NULL
stack at sp + 2 slots: 0x0 is NULL
stack at sp + 3 slots: 0x4084000000000000 is an unknown value
stack at sp + 4 slots: 0x407fc00000000000 is an unknown value
stack at sp + 5 slots: 0x0000000308b1ec80 is pointing into the stack for thread: 0x00007fdf1a00b800
stack at sp + 6 slots: 0x00007ff81c5ae6fc: _call_copy_helpers_excp+0x51 in /usr/lib/system/libsystem_blocks.dylib at 0x00007ff81c5ad000
stack at sp + 7 slots: 0xffffffffff804a80 is an unknown value


---------------  P R O C E S S  ---------------

Threads class SMR info:
_java_thread_list=0x0000600001bb5900, length=19, elements={
0x00007fdf1b88f200, 0x00007fdefa008200, 0x00007fdf1b88f800, 0x00007fdf1b89ae00,
0x00007fdf1b89b400, 0x00007fdf1b89ba00, 0x00007fdf1b89c000, 0x00007fdf1b89c600,
0x00007fdefa00b400, 0x00007fdf1a84f400, 0x00007fdf1a00b800, 0x00007fdefa22f200,
0x00007fdf1bc46e00, 0x00007fdf1a01a800, 0x00007fdf1aa61c00, 0x00007fdefa230000,
0x00007fdf1bdcb000, 0x00007fdefa288800, 0x00007fdf1b813400
}

Java Threads: ( => current thread )
  0x00007fdf1b88f200 JavaThread "Reference Handler" daemon [_thread_blocked, id=22087, stack(0x00000003092be000,0x00000003093be000)]
  0x00007fdefa008200 JavaThread "Finalizer" daemon [_thread_blocked, id=32003, stack(0x00000003093c1000,0x00000003094c1000)]
  0x00007fdf1b88f800 JavaThread "Signal Dispatcher" daemon [_thread_blocked, id=23555, stack(0x00000003095d3000,0x00000003096d3000)]
  0x00007fdf1b89ae00 JavaThread "Service Thread" daemon [_thread_blocked, id=28675, stack(0x00000003096d6000,0x00000003097d6000)]
  0x00007fdf1b89b400 JavaThread "Monitor Deflation Thread" daemon [_thread_blocked, id=28419, stack(0x00000003097d9000,0x00000003098d9000)]
  0x00007fdf1b89ba00 JavaThread "C2 CompilerThread0" daemon [_thread_blocked, id=27907, stack(0x00000003098dc000,0x00000003099dc000)]
  0x00007fdf1b89c000 JavaThread "C1 CompilerThread0" daemon [_thread_blocked, id=27651, stack(0x00000003099df000,0x0000000309adf000)]
  0x00007fdf1b89c600 JavaThread "Sweeper thread" daemon [_thread_blocked, id=27139, stack(0x0000000309ae2000,0x0000000309be2000)]
  0x00007fdefa00b400 JavaThread "Notification Thread" daemon [_thread_blocked, id=26963, stack(0x0000000309be5000,0x0000000309ce5000)]
  0x00007fdf1a84f400 JavaThread "Common-Cleaner" daemon [_thread_blocked, id=25135, stack(0x0000000309deb000,0x0000000309eeb000)]
=>0x00007fdf1a00b800 JavaThread "AppKit Thread" daemon [_thread_in_native, id=259, stack(0x0000000308326000,0x0000000308b26000)]
  0x00007fdefa22f200 JavaThread "AWT-Shutdown" [_thread_blocked, id=63279, stack(0x0000000309eee000,0x0000000309fee000)]
  0x00007fdf1bc46e00 JavaThread "AWT-EventQueue-0" [_thread_blocked, id=87155, stack(0x000000030a31a000,0x000000030a41a000)]
  0x00007fdf1a01a800 JavaThread "Java2D Queue Flusher" daemon [_thread_blocked, id=50567, stack(0x000000030a41d000,0x000000030a51d000)]
  0x00007fdf1aa61c00 JavaThread "Java2D Disposer" daemon [_thread_blocked, id=80651, stack(0x000000030a520000,0x000000030a620000)]
  0x00007fdefa230000 JavaThread "Timer-0" daemon [_thread_blocked, id=79231, stack(0x000000030a623000,0x000000030a723000)]
  0x00007fdf1bdcb000 JavaThread "TimerQueue" daemon [_thread_blocked, id=74791, stack(0x000000030a829000,0x000000030a929000)]
  0x00007fdefa288800 JavaThread "jME3 Main" [_thread_in_native, id=127983, stack(0x000000030afc5000,0x000000030b0c5000)]
  0x00007fdf1b813400 JavaThread "DestroyJavaVM" [_thread_blocked, id=8707, stack(0x0000000308ba9000,0x0000000308ca9000)]

Other Threads:
  0x00007fdf1b114080 VMThread "VM Thread" [stack: 0x00000003091bb000,0x00000003092bb000] [id=18691]
  0x00007fdef9f09430 WatcherThread [stack: 0x0000000309ce8000,0x0000000309de8000] [id=26115]
  0x00007fdf1b0065e0 GCTaskThread "GC Thread#0" [stack: 0x0000000308cac000,0x0000000308dac000] [id=21507]
  0x00007fdf1b1defd0 GCTaskThread "GC Thread#1" [stack: 0x000000030a9b3000,0x000000030aab3000] [id=88655]
  0x00007fdf1b1df4a0 GCTaskThread "GC Thread#2" [stack: 0x000000030aab6000,0x000000030abb6000] [id=129027]
  0x00007fdf1b03ec80 GCTaskThread "GC Thread#3" [stack: 0x000000030abb9000,0x000000030acb9000] [id=89643]
  0x00007fdf1b049ed0 GCTaskThread "GC Thread#4" [stack: 0x000000030acbc000,0x000000030adbc000] [id=89859]
  0x00007fdf1b1e0100 GCTaskThread "GC Thread#5" [stack: 0x000000030adbf000,0x000000030aebf000] [id=90115]
  0x00007fdf1b1e0400 GCTaskThread "GC Thread#6" [stack: 0x000000030aec2000,0x000000030afc2000] [id=90627]
  0x00007fdf1b1e85f0 GCTaskThread "GC Thread#7" [stack: 0x000000030b0c8000,0x000000030b1c8000] [id=124011]
  0x00007fdf1b105920 ConcurrentGCThread "G1 Main Marker" [stack: 0x0000000308daf000,0x0000000308eaf000] [id=16899]
  0x00007fdf1b106200 ConcurrentGCThread "G1 Conc#0" [stack: 0x0000000308eb2000,0x0000000308fb2000] [id=17155]
  0x00007fdf1b111ac0 ConcurrentGCThread "G1 Refine#0" [stack: 0x0000000308fb5000,0x00000003090b5000] [id=19971]
  0x00007fdf1b006bf0 ConcurrentGCThread "G1 Service" [stack: 0x00000003090b8000,0x00000003091b8000] [id=17667]

Threads with active compile tasks:

VM state: not at safepoint (normal execution)

VM Mutex/Monitor currently owned by a thread: None

Heap address: 0x0000000780000000, size: 2048 MB, Compressed Oops mode: Zero based, Oop shift amount: 3

CDS disabled.
Compressed class space mapped at: 0x0000000800000000-0x0000000840000000, reserved size: 1073741824
Narrow klass base: 0x0000000800000000, Narrow klass shift: 0, Narrow klass range: 0x40000000

GC Precious Log:
 CPUs: 8 total, 8 available
 Memory: 8192M
 Large Page Support: Disabled
 NUMA Support: Disabled
 Compressed Oops: Enabled (Zero based)
 Heap Region Size: 1M
 Heap Min Capacity: 8M
 Heap Initial Capacity: 128M
 Heap Max Capacity: 2G
 Pre-touch: Disabled
 Parallel Workers: 8
 Concurrent Workers: 2
 Concurrent Refinement Workers: 8
 Periodic GC: Disabled

Heap:
 garbage-first heap   total 30720K, used 17675K [0x0000000780000000, 0x0000000800000000)
  region size 1024K, 9 young (9216K), 1 survivors (1024K)
 Metaspace       used 25401K, committed 25664K, reserved 1073152K
  class space    used 2482K, committed 2624K, reserved 1048576K

Heap Regions: E=young(eden), S=young(survivor), O=old, HS=humongous(starts), HC=humongous(continues), CS=collection set, F=free, OA=open archive, CA=closed archive, TAMS=top-at-mark-start (previous, next)
|   0|0x0000000780000000, 0x0000000780100000, 0x0000000780100000|100%|HS|  |TAMS 0x0000000780100000, 0x0000000780000000| Untracked 
|   1|0x0000000780100000, 0x0000000780200000, 0x0000000780200000|100%|HC|  |TAMS 0x0000000780200000, 0x0000000780100000| Untracked 
|   2|0x0000000780200000, 0x00000007802ffff0, 0x0000000780300000| 99%| O|  |TAMS 0x0000000780200000, 0x0000000780200000| Untracked 
|   3|0x0000000780300000, 0x0000000780400000, 0x0000000780400000|100%| O|  |TAMS 0x0000000780300000, 0x0000000780300000| Untracked 
|   4|0x0000000780400000, 0x00000007804fffb0, 0x0000000780500000| 99%| O|  |TAMS 0x0000000780400000, 0x0000000780400000| Untracked 
|   5|0x0000000780500000, 0x00000007805fffe8, 0x0000000780600000| 99%| O|  |TAMS 0x0000000780500000, 0x0000000780500000| Untracked 
|   6|0x0000000780600000, 0x00000007806fff98, 0x0000000780700000| 99%| O|  |TAMS 0x0000000780600000, 0x0000000780600000| Untracked 
|   7|0x0000000780700000, 0x0000000780774678, 0x0000000780800000| 45%| O|  |TAMS 0x0000000780700000, 0x0000000780700000| Untracked 
|   8|0x0000000780800000, 0x0000000780861af0, 0x0000000780900000| 38%| O|  |TAMS 0x0000000780800000, 0x0000000780800000| Untracked 
|   9|0x0000000780900000, 0x0000000780a00000, 0x0000000780a00000|100%| O|  |TAMS 0x0000000780900000, 0x0000000780900000| Untracked 
|  10|0x0000000780a00000, 0x0000000780aa5400, 0x0000000780b00000| 64%| O|  |TAMS 0x0000000780a00000, 0x0000000780a00000| Untracked 
|  11|0x0000000780b00000, 0x0000000780b00000, 0x0000000780c00000|  0%| F|  |TAMS 0x0000000780b00000, 0x0000000780b00000| Untracked 
|  12|0x0000000780c00000, 0x0000000780c00000, 0x0000000780d00000|  0%| F|  |TAMS 0x0000000780c00000, 0x0000000780c00000| Untracked 
|  13|0x0000000780d00000, 0x0000000780d00000, 0x0000000780e00000|  0%| F|  |TAMS 0x0000000780d00000, 0x0000000780d00000| Untracked 
|  14|0x0000000780e00000, 0x0000000780e00000, 0x0000000780f00000|  0%| F|  |TAMS 0x0000000780e00000, 0x0000000780e00000| Untracked 
|  15|0x0000000780f00000, 0x0000000780f00000, 0x0000000781000000|  0%| F|  |TAMS 0x0000000780f00000, 0x0000000780f00000| Untracked 
|  16|0x0000000781000000, 0x0000000781000000, 0x0000000781100000|  0%| F|  |TAMS 0x0000000781000000, 0x0000000781000000| Untracked 
|  17|0x0000000781100000, 0x0000000781100000, 0x0000000781200000|  0%| F|  |TAMS 0x0000000781100000, 0x0000000781100000| Untracked 
|  18|0x0000000781200000, 0x0000000781200000, 0x0000000781300000|  0%| F|  |TAMS 0x0000000781200000, 0x0000000781200000| Untracked 
|  19|0x0000000781300000, 0x0000000781300000, 0x0000000781400000|  0%| F|  |TAMS 0x0000000781300000, 0x0000000781300000| Untracked 
|  20|0x0000000781400000, 0x0000000781400000, 0x0000000781500000|  0%| F|  |TAMS 0x0000000781400000, 0x0000000781400000| Untracked 
|  21|0x0000000781500000, 0x0000000781566420, 0x0000000781600000| 39%| E|  |TAMS 0x0000000781500000, 0x0000000781500000| Complete 
|  22|0x0000000781600000, 0x00000007816c79e0, 0x0000000781700000| 77%| S|CS|TAMS 0x0000000781600000, 0x0000000781600000| Complete 
|  23|0x0000000781700000, 0x0000000781800000, 0x0000000781800000|100%| E|CS|TAMS 0x0000000781700000, 0x0000000781700000| Complete 
|  24|0x0000000781800000, 0x0000000781900000, 0x0000000781900000|100%| E|CS|TAMS 0x0000000781800000, 0x0000000781800000| Complete 
|  25|0x0000000781900000, 0x0000000781a00000, 0x0000000781a00000|100%| E|CS|TAMS 0x0000000781900000, 0x0000000781900000| Complete 
|  26|0x0000000781a00000, 0x0000000781b00000, 0x0000000781b00000|100%| E|CS|TAMS 0x0000000781a00000, 0x0000000781a00000| Complete 
|  27|0x0000000781b00000, 0x0000000781c00000, 0x0000000781c00000|100%| E|CS|TAMS 0x0000000781b00000, 0x0000000781b00000| Complete 
|  28|0x0000000781c00000, 0x0000000781d00000, 0x0000000781d00000|100%| E|CS|TAMS 0x0000000781c00000, 0x0000000781c00000| Complete 
|  29|0x0000000781d00000, 0x0000000781e00000, 0x0000000781e00000|100%| E|CS|TAMS 0x0000000781d00000, 0x0000000781d00000| Complete 

Card table byte_map: [0x000000010b1d5000,0x000000010b5d5000] _byte_map_base: 0x00000001075d5000

Marking Bits (Prev, Next): (CMBitMap*) 0x00007fdf1b815a10, (CMBitMap*) 0x00007fdf1b815a50
 Prev Bits: [0x0000000120835000, 0x0000000122835000)
 Next Bits: [0x0000000122835000, 0x0000000124835000)

Polling page: 0x00000001024fe000

Metaspace:

Usage:
  Non-class:     22.38 MB used.
      Class:      2.42 MB used.
       Both:     24.81 MB used.

Virtual space:
  Non-class space:       24.00 MB reserved,      22.50 MB ( 94%) committed,  3 nodes.
      Class space:        1.00 GB reserved,       2.56 MB ( <1%) committed,  1 nodes.
              Both:        1.02 GB reserved,      25.06 MB (  2%) committed. 

Chunk freelists:
   Non-Class:  1.34 MB
       Class:  1.48 MB
        Both:  2.83 MB

MaxMetaspaceSize: 17179869184.00 GB
CompressedClassSpaceSize: 1.00 GB
 - commit_granule_bytes: 65536.
 - commit_granule_words: 8192.
 - virtual_space_node_default_size: 1048576.
 - enlarge_chunks_in_place: 1.
 - new_chunks_are_fully_committed: 0.
 - uncommit_free_chunks: 1.
 - use_allocation_guard: 0.
 - handle_deallocations: 1.


Internal statistics:

num_allocs_failed_limit: 0.
num_arena_births: 184.
num_arena_deaths: 0.
num_vsnodes_births: 4.
num_vsnodes_deaths: 0.
num_space_committed: 399.
num_space_uncommitted: 0.
num_chunks_returned_to_freelist: 0.
num_chunks_taken_from_freelist: 437.
num_chunk_merges: 0.
num_chunk_splits: 287.
num_chunks_enlarged: 192.
num_purges: 0.

CodeHeap 'non-profiled nmethods': size=120028Kb used=1241Kb max_used=1241Kb free=118786Kb
 bounds [0x00000001192fe000, 0x000000011956e000, 0x0000000120835000]
CodeHeap 'profiled nmethods': size=120028Kb used=5516Kb max_used=5516Kb free=114511Kb
 bounds [0x0000000111dc7000, 0x0000000112337000, 0x00000001192fe000]
CodeHeap 'non-nmethods': size=5704Kb used=1426Kb max_used=1451Kb free=4277Kb
 bounds [0x0000000111835000, 0x0000000111aa5000, 0x0000000111dc7000]
 total_blobs=3765 nmethods=2974 adapters=705
 compilation: enabled
              stopped_count=0, restarted_count=0
 full_count=0

Compilation events (20 events):
Event: 8.514 Thread 0x00007fdf1b89c000 2965       3       java.util.HashMap::afterNodeRemoval (1 bytes)
Event: 8.514 Thread 0x00007fdf1b89c000 nmethod 2965 0x0000000112329090 code [0x0000000112329220, 0x0000000112329330]
Event: 8.514 Thread 0x00007fdf1b89c000 2966       3       java.lang.Long::hashCode (8 bytes)
Event: 8.514 Thread 0x00007fdf1b89c000 nmethod 2966 0x0000000112329390 code [0x0000000112329540, 0x0000000112329680]
Event: 8.514 Thread 0x00007fdf1b89c000 2967       3       java.lang.Long::hashCode (8 bytes)
Event: 8.514 Thread 0x00007fdf1b89c000 nmethod 2967 0x0000000112329710 code [0x00000001123298a0, 0x0000000112329990]
Event: 8.515 Thread 0x00007fdf1b89c000 2968       1       java.lang.Long::longValue (5 bytes)
Event: 8.515 Thread 0x00007fdf1b89c000 nmethod 2968 0x0000000119433790 code [0x0000000119433920, 0x00000001194339f0]
Event: 8.515 Thread 0x00007fdf1b89c000 2969       1       com.jme3.util.NativeObjectManager$NativeObjectRef::access$100 (5 bytes)
Event: 8.515 Thread 0x00007fdf1b89c000 nmethod 2969 0x0000000119433a90 code [0x0000000119433c20, 0x0000000119433cd0]
Event: 8.515 Thread 0x00007fdf1b89ba00 2972       4       com.jme3.util.NativeObject::setUpdateNeeded (6 bytes)
Event: 8.515 Thread 0x00007fdf1b89c000 2971       3       com.jme3.scene.VertexBuffer::resetObject (10 bytes)
Event: 8.516 Thread 0x00007fdf1b89c000 nmethod 2971 0x0000000112329a10 code [0x0000000112329bc0, 0x0000000112329db0]
Event: 8.516 Thread 0x00007fdf1b89c000 2970       1       com.jme3.util.NativeObjectManager$NativeObjectRef::access$000 (5 bytes)
Event: 8.516 Thread 0x00007fdf1b89ba00 nmethod 2972 0x0000000119433d90 code [0x0000000119433f00, 0x0000000119433f78]
Event: 8.516 Thread 0x00007fdf1b89c000 nmethod 2970 0x0000000119434090 code [0x0000000119434220, 0x00000001194342d0]
Event: 8.516 Thread 0x00007fdf1b89c000 2973       3       com.jme3.scene.VertexBuffer::getUniqueId (10 bytes)
Event: 8.516 Thread 0x00007fdf1b89c000 nmethod 2973 0x0000000112329e90 code [0x000000011232a020, 0x000000011232a130]
Event: 8.524 Thread 0x00007fdf1b89ba00 2974   !   4       java.nio.DirectByteBuffer::put (37 bytes)
Event: 8.526 Thread 0x00007fdf1b89ba00 nmethod 2974 0x0000000119434390 code [0x0000000119434520, 0x0000000119434638]

GC Heap History (8 events):
Event: 3.026 GC heap before
{Heap before GC invocations=0 (full 0):
 garbage-first heap   total 131072K, used 18432K [0x0000000780000000, 0x0000000800000000)
  region size 1024K, 18 young (18432K), 0 survivors (0K)
 Metaspace       used 18434K, committed 18624K, reserved 1073152K
  class space    used 1946K, committed 2048K, reserved 1048576K
}
Event: 3.045 GC heap after
{Heap after GC invocations=1 (full 1):
 garbage-first heap   total 30720K, used 8024K [0x0000000780000000, 0x0000000800000000)
  region size 1024K, 0 young (0K), 0 survivors (0K)
 Metaspace       used 18434K, committed 18624K, reserved 1073152K
  class space    used 1946K, committed 2048K, reserved 1048576K
}
Event: 3.047 GC heap before
{Heap before GC invocations=1 (full 1):
 garbage-first heap   total 30720K, used 8024K [0x0000000780000000, 0x0000000800000000)
  region size 1024K, 0 young (0K), 0 survivors (0K)
 Metaspace       used 18434K, committed 18624K, reserved 1073152K
  class space    used 1946K, committed 2048K, reserved 1048576K
}
Event: 3.053 GC heap after
{Heap after GC invocations=2 (full 2):
 garbage-first heap   total 30720K, used 8024K [0x0000000780000000, 0x0000000800000000)
  region size 1024K, 0 young (0K), 0 survivors (0K)
 Metaspace       used 18434K, committed 18624K, reserved 1073152K
  class space    used 1946K, committed 2048K, reserved 1048576K
}
Event: 3.430 GC heap before
{Heap before GC invocations=2 (full 2):
 garbage-first heap   total 30720K, used 16216K [0x0000000780000000, 0x0000000800000000)
  region size 1024K, 9 young (9216K), 0 survivors (0K)
 Metaspace       used 22640K, committed 22848K, reserved 1073152K
  class space    used 2275K, committed 2368K, reserved 1048576K
}
Event: 3.434 GC heap after
{Heap after GC invocations=3 (full 2):
 garbage-first heap   total 30720K, used 9813K [0x0000000780000000, 0x0000000800000000)
  region size 1024K, 2 young (2048K), 2 survivors (2048K)
 Metaspace       used 22640K, committed 22848K, reserved 1073152K
  class space    used 2275K, committed 2368K, reserved 1048576K
}
Event: 3.705 GC heap before
{Heap before GC invocations=3 (full 2):
 garbage-first heap   total 30720K, used 16981K [0x0000000780000000, 0x0000000800000000)
  region size 1024K, 9 young (9216K), 2 survivors (2048K)
 Metaspace       used 24498K, committed 24704K, reserved 1073152K
  class space    used 2451K, committed 2560K, reserved 1048576K
}
Event: 3.708 GC heap after
{Heap after GC invocations=4 (full 2):
 garbage-first heap   total 30720K, used 10507K [0x0000000780000000, 0x0000000800000000)
  region size 1024K, 1 young (1024K), 1 survivors (1024K)
 Metaspace       used 24498K, committed 24704K, reserved 1073152K
  class space    used 2451K, committed 2560K, reserved 1048576K
}

Deoptimization events (20 events):
Event: 3.792 Thread 0x00007fdefa288800 DEOPT PACKING pc=0x000000011939a55c sp=0x000000030b0c4460
Event: 3.792 Thread 0x00007fdefa288800 DEOPT UNPACKING pc=0x000000011188241e sp=0x000000030b0c43c0 mode 2
Event: 3.807 Thread 0x00007fdefa288800 Uncommon trap: trap_request=0xffffffc6 fr.pc=0x000000011939a55c relative=0x000000000000093c
Event: 3.807 Thread 0x00007fdefa288800 Uncommon trap: reason=bimorphic_or_optimized_type_check action=maybe_recompile pc=0x000000011939a55c method=java.util.regex.Pattern$Start.match(Ljava/util/regex/Matcher;ILjava/lang/CharSequence;)Z @ 44 c2
Event: 3.807 Thread 0x00007fdefa288800 DEOPT PACKING pc=0x000000011939a55c sp=0x000000030b0c4460
Event: 3.807 Thread 0x00007fdefa288800 DEOPT UNPACKING pc=0x000000011188241e sp=0x000000030b0c43c0 mode 2
Event: 5.179 Thread 0x00007fdefa288800 Uncommon trap: trap_request=0xffffff45 fr.pc=0x00000001193dcd38 relative=0x00000000000007d8
Event: 5.179 Thread 0x00007fdefa288800 Uncommon trap: reason=unstable_if action=reinterpret pc=0x00000001193dcd38 method=com.jme3.material.Material.getSortId()I @ 5 c2
Event: 5.179 Thread 0x00007fdefa288800 DEOPT PACKING pc=0x00000001193dcd38 sp=0x000000030b0c4430
Event: 5.179 Thread 0x00007fdefa288800 DEOPT UNPACKING pc=0x000000011188241e sp=0x000000030b0c4300 mode 2
Event: 5.179 Thread 0x00007fdefa288800 Uncommon trap: trap_request=0xffffff45 fr.pc=0x00000001193cfdf8 relative=0x0000000000000058
Event: 5.179 Thread 0x00007fdefa288800 Uncommon trap: reason=unstable_if action=reinterpret pc=0x00000001193cfdf8 method=com.jme3.material.Material.getSortId()I @ 5 c2
Event: 5.179 Thread 0x00007fdefa288800 DEOPT PACKING pc=0x00000001193cfdf8 sp=0x000000030b0c4360
Event: 5.179 Thread 0x00007fdefa288800 DEOPT UNPACKING pc=0x000000011188241e sp=0x000000030b0c42e0 mode 2
Event: 5.185 Thread 0x00007fdefa288800 Uncommon trap: trap_request=0xffffff45 fr.pc=0x00000001193de698 relative=0x0000000000000d38
Event: 5.185 Thread 0x00007fdefa288800 Uncommon trap: reason=unstable_if action=reinterpret pc=0x00000001193de698 method=com.jme3.util.NativeObject.getWeakRef()Ljava/lang/ref/WeakReference; @ 4 c2
Event: 5.185 Thread 0x00007fdefa288800 DEOPT PACKING pc=0x00000001193de698 sp=0x000000030b0c40e0
Event: 5.185 Thread 0x00007fdefa288800 DEOPT UNPACKING pc=0x000000011188241e sp=0x000000030b0c4020 mode 2
Event: 7.574 Thread 0x00007fdefa288800 DEOPT PACKING pc=0x00000001122b4909 sp=0x000000030b0c4460
Event: 7.574 Thread 0x00007fdefa288800 DEOPT UNPACKING pc=0x0000000111882b9b sp=0x000000030b0c3958 mode 0

Classes unloaded (0 events):
No events

Classes redefined (0 events):
No events

Internal exceptions (20 events):
Event: 0.931 Thread 0x00007fdf1bc46e00 Exception <a 'java/lang/NoSuchMethodError'{0x0000000787227958}: 'java.lang.Object java.lang.invoke.Invokers$Holder.linkToTargetMethod(int, int, int, int, java.lang.Object)'> (0x0000000787227958) 
thrown [./open/src/hotspot/share/interpreter/linkResolver.cpp, line 790]
Event: 0.932 Thread 0x00007fdf1bc46e00 Exception <a 'java/lang/NoSuchMethodError'{0x000000078722b8c8}: 'void java.lang.invoke.DirectMethodHandle$Holder.invokeStatic(java.lang.Object, java.lang.Object, long)'> (0x000000078722b8c8) 
thrown [./open/src/hotspot/share/interpreter/linkResolver.cpp, line 790]
Event: 0.941 Thread 0x00007fdf1a00b800 Exception <a 'java/lang/NoSuchMethodError'{0x000000078763d338}: 'void java.lang.invoke.DirectMethodHandle$Holder.invokeSpecial(java.lang.Object, java.lang.Object, long)'> (0x000000078763d338) 
thrown [./open/src/hotspot/share/interpreter/linkResolver.cpp, line 790]
Event: 1.211 Thread 0x00007fdf1a00b800 Exception <a 'java/lang/NoSuchMethodError'{0x000000078764ad78}: 'void java.lang.invoke.DirectMethodHandle$Holder.invokeStatic(java.lang.Object, long)'> (0x000000078764ad78) 
thrown [./open/src/hotspot/share/interpreter/linkResolver.cpp, line 790]
Event: 1.217 Thread 0x00007fdf1bc46e00 Exception <a 'java/lang/NoSuchMethodError'{0x0000000787124d38}: 'void java.lang.invoke.DirectMethodHandle$Holder.invokeStatic(java.lang.Object, long, long)'> (0x0000000787124d38) 
thrown [./open/src/hotspot/share/interpreter/linkResolver.cpp, line 790]
Event: 1.218 Thread 0x00007fdf1bc46e00 Exception <a 'java/lang/NoSuchMethodError'{0x000000078712a830}: 'java.lang.Object java.lang.invoke.DirectMethodHandle$Holder.newInvokeSpecial(java.lang.Object, long)'> (0x000000078712a830) 
thrown [./open/src/hotspot/share/interpreter/linkResolver.cpp, line 790]
Event: 1.222 Thread 0x00007fdf1bc46e00 Exception <a 'java/lang/NoSuchMethodError'{0x0000000787134f38}: 'java.lang.Object java.lang.invoke.DirectMethodHandle$Holder.newInvokeSpecial(java.lang.Object, java.lang.Object, int)'> (0x0000000787134f38) 
thrown [./open/src/hotspot/share/interpreter/linkResolver.cpp, line 790]
Event: 3.098 Thread 0x00007fdf1b813400 Exception <a 'java/lang/ClassNotFoundException'{0x0000000781c29c08}: sun/util/logging/resources/spi/loggingProvider> (0x0000000781c29c08) 
thrown [./open/src/hotspot/share/classfile/systemDictionary.cpp, line 256]
Event: 3.138 Thread 0x00007fdf1b813400 Implicit null exception at 0x0000000119332154 to 0x000000011933266c
Event: 3.138 Thread 0x00007fdf1b813400 Implicit null exception at 0x00000001193280d4 to 0x00000001193285dc
Event: 3.354 Thread 0x00007fdefa288800 Exception <a 'java/lang/IncompatibleClassChangeError'{0x000000078176dcd8}: Found class java.lang.Object, but interface was expected> (0x000000078176dcd8) 
thrown [./open/src/hotspot/share/interpreter/linkResolver.cpp, line 857]
Event: 3.467 Thread 0x00007fdefa288800 Exception <a 'org/lwjgl/LWJGLException'{0x0000000781cc6470}: Could not load OpenAL library> (0x0000000781cc6470) 
thrown [./open/src/hotspot/share/prims/jni.cpp, line 600]
Event: 3.467 Thread 0x00007fdefa288800 Exception <a 'org/lwjgl/LWJGLException'{0x0000000781cc6a18}: Could not load OpenAL library> (0x0000000781cc6a18) 
thrown [./open/src/hotspot/share/prims/jni.cpp, line 600]
Event: 3.467 Thread 0x00007fdefa288800 Exception <a 'org/lwjgl/LWJGLException'{0x0000000781cc6ed8}: Could not load OpenAL library> (0x0000000781cc6ed8) 
thrown [./open/src/hotspot/share/prims/jni.cpp, line 600]
Event: 3.467 Thread 0x00007fdefa288800 Exception <a 'org/lwjgl/LWJGLException'{0x0000000781cc7370}: Could not load OpenAL library> (0x0000000781cc7370) 
thrown [./open/src/hotspot/share/prims/jni.cpp, line 600]
Event: 3.467 Thread 0x00007fdefa288800 Exception <a 'org/lwjgl/LWJGLException'{0x0000000781cc7828}: Could not load OpenAL library> (0x0000000781cc7828) 
thrown [./open/src/hotspot/share/prims/jni.cpp, line 600]
Event: 3.467 Thread 0x00007fdefa288800 Exception <a 'org/lwjgl/LWJGLException'{0x0000000781cc7cd8}: Could not load OpenAL library> (0x0000000781cc7cd8) 
thrown [./open/src/hotspot/share/prims/jni.cpp, line 600]
Event: 3.467 Thread 0x00007fdefa288800 Exception <a 'org/lwjgl/LWJGLException'{0x0000000781cc8140}: Could not load OpenAL library> (0x0000000781cc8140) 
thrown [./open/src/hotspot/share/prims/jni.cpp, line 600]
Event: 3.467 Thread 0x00007fdefa288800 Exception <a 'org/lwjgl/LWJGLException'{0x0000000781cc8588}: Could not load OpenAL library> (0x0000000781cc8588) 
thrown [./open/src/hotspot/share/prims/jni.cpp, line 600]
Event: 3.467 Thread 0x00007fdefa288800 Exception <a 'org/lwjgl/LWJGLException'{0x0000000781cc8af8}: Could not load OpenAL library> (0x0000000781cc8af8) 
thrown [./open/src/hotspot/share/prims/jni.cpp, line 600]

Events (20 events):
Event: 3.634 loading class com/sun/imageio/plugins/common/ReaderUtil
Event: 3.634 loading class com/sun/imageio/plugins/common/ReaderUtil done
Event: 3.659 loading class java/nio/DirectShortBufferU
Event: 3.659 loading class java/nio/DirectShortBufferU done
Event: 3.683 loading class jdk/internal/reflect/BootstrapConstructorAccessorImpl
Event: 3.683 loading class jdk/internal/reflect/BootstrapConstructorAccessorImpl done
Event: 3.705 Executing  VM operation: G1CollectForAllocation
Event: 3.708 Executing  VM operation: G1CollectForAllocation done
Event: 3.728 loading class java/util/JumboEnumSet$EnumSetIterator
Event: 3.728 loading class java/util/JumboEnumSet$EnumSetIterator done
Event: 4.713 Executing  VM operation: Cleanup
Event: 4.714 Executing  VM operation: Cleanup done
Event: 5.719 Executing  VM operation: Cleanup
Event: 5.720 Executing  VM operation: Cleanup done
Event: 5.830 Protecting memory [0x000000030a726000,0x000000030a72a000] with protection modes 3
Event: 5.830 Thread 0x00007fdefa1cba00 Thread exited: 0x00007fdefa1cba00
Event: 6.721 Executing  VM operation: Cleanup
Event: 6.722 Executing  VM operation: Cleanup done
Event: 7.723 Executing  VM operation: Cleanup
Event: 7.723 Executing  VM operation: Cleanup done


Dynamic libraries:
0x000000010aab6000 	/Applications/Eclipse.app/Contents/Eclipse/plugins/org.eclipse.justj.openjdk.hotspot.jre.full.macosx.x86_64_16.0.2.v20210721-1149/jre/lib/libjli.dylib
0x00007ff82886d000 	/usr/lib/libz.1.dylib
0x00007ff828957000 	/usr/lib/libSystem.B.dylib
0x00007ff828952000 	/usr/lib/system/libcache.dylib
0x00007ff82890d000 	/usr/lib/system/libcommonCrypto.dylib
0x00007ff828936000 	/usr/lib/system/libcompiler_rt.dylib
0x00007ff82892c000 	/usr/lib/system/libcopyfile.dylib
0x00007ff81c60b000 	/usr/lib/system/libcorecrypto.dylib
0x00007ff81c6cd000 	/usr/lib/system/libdispatch.dylib
0x00007ff81c855000 	/usr/lib/system/libdyld.dylib
0x00007ff828948000 	/usr/lib/system/libkeymgr.dylib
0x00007ff8288ec000 	/usr/lib/system/libmacho.dylib
0x00007ff827eda000 	/usr/lib/system/libquarantine.dylib
0x00007ff828946000 	/usr/lib/system/libremovefile.dylib
0x00007ff82141b000 	/usr/lib/system/libsystem_asl.dylib
0x00007ff81c5ad000 	/usr/lib/system/libsystem_blocks.dylib
0x00007ff81c717000 	/usr/lib/system/libsystem_c.dylib
0x00007ff82893e000 	/usr/lib/system/libsystem_collections.dylib
0x00007ff8271dc000 	/usr/lib/system/libsystem_configuration.dylib
0x00007ff826267000 	/usr/lib/system/libsystem_containermanager.dylib
0x00007ff8285b7000 	/usr/lib/system/libsystem_coreservices.dylib
0x00007ff81f4a7000 	/usr/lib/system/libsystem_darwin.dylib
0x00007ff828949000 	/usr/lib/system/libsystem_dnssd.dylib
0x00007ff81c714000 	/usr/lib/system/libsystem_featureflags.dylib
0x00007ff81c880000 	/usr/lib/system/libsystem_info.dylib
0x00007ff828880000 	/usr/lib/system/libsystem_m.dylib
0x00007ff81c6a0000 	/usr/lib/system/libsystem_malloc.dylib
0x00007ff8213aa000 	/usr/lib/system/libsystem_networkextension.dylib
0x00007ff81f8e8000 	/usr/lib/system/libsystem_notify.dylib
0x00007ff8271e0000 	/usr/lib/system/libsystem_sandbox.dylib
0x00007ff828943000 	/usr/lib/system/libsystem_secinit.dylib
0x00007ff81c80f000 	/usr/lib/system/libsystem_kernel.dylib
0x00007ff81c876000 	/usr/lib/system/libsystem_platform.dylib
0x00007ff81c849000 	/usr/lib/system/libsystem_pthread.dylib
0x00007ff822e64000 	/usr/lib/system/libsystem_symptoms.dylib
0x00007ff81c5f1000 	/usr/lib/system/libsystem_trace.dylib
0x00007ff828919000 	/usr/lib/system/libunwind.dylib
0x00007ff81c5b1000 	/usr/lib/system/libxpc.dylib
0x00007ff81c7f9000 	/usr/lib/libc++abi.dylib
0x00007ff81c4dc000 	/usr/lib/libobjc.A.dylib
0x00007ff828924000 	/usr/lib/liboah.dylib
0x00007ff81c7a0000 	/usr/lib/libc++.1.dylib
0x00007ff834d56000 	/System/Library/Frameworks/Cocoa.framework/Versions/A/Cocoa
0x00007ff81f947000 	/System/Library/Frameworks/AppKit.framework/Versions/C/AppKit
0x00007ff8225f5000 	/System/Library/Frameworks/CoreData.framework/Versions/A/CoreData
0x00007ff81d65c000 	/System/Library/Frameworks/Foundation.framework/Versions/C/Foundation
0x00007ff82094c000 	/System/Library/PrivateFrameworks/UIFoundation.framework/Versions/A/UIFoundation
0x00007ffa3b899000 	/System/Library/PrivateFrameworks/CollectionViewCore.framework/Versions/A/CollectionViewCore
0x00007ff82ed6a000 	/System/Library/PrivateFrameworks/RemoteViewServices.framework/Versions/A/RemoteViewServices
0x00007ff826a2c000 	/System/Library/PrivateFrameworks/XCTTargetBootstrap.framework/Versions/A/XCTTargetBootstrap
0x00007ff82a884000 	/System/Library/PrivateFrameworks/InternationalSupport.framework/Versions/A/InternationalSupport
0x00007ff82a90d000 	/System/Library/PrivateFrameworks/UserActivity.framework/Versions/A/UserActivity
0x00007ffb3168e000 	/System/Library/PrivateFrameworks/WindowManagement.framework/Versions/A/WindowManagement
0x00007ff81d348000 	/System/Library/Frameworks/SystemConfiguration.framework/Versions/A/SystemConfiguration
0x00007ff829c82000 	/usr/lib/libspindump.dylib
0x00007ff820b19000 	/System/Library/Frameworks/UniformTypeIdentifiers.framework/Versions/A/UniformTypeIdentifiers
0x00007ff824f23000 	/usr/lib/libapp_launch_measurement.dylib
0x00007ff823b9b000 	/System/Library/PrivateFrameworks/CoreAnalytics.framework/Versions/A/CoreAnalytics
0x00007ff824f26000 	/System/Library/PrivateFrameworks/CoreAutoLayout.framework/Versions/A/CoreAutoLayout
0x00007ff8262b3000 	/System/Library/Frameworks/Metal.framework/Versions/A/Metal
0x00007ff8271eb000 	/usr/lib/liblangid.dylib
0x00007ff826a31000 	/System/Library/PrivateFrameworks/CoreSVG.framework/Versions/A/CoreSVG
0x00007ff82144d000 	/System/Library/PrivateFrameworks/SkyLight.framework/Versions/A/SkyLight
0x00007ff821836000 	/System/Library/Frameworks/CoreGraphics.framework/Versions/A/CoreGraphics
0x00007ff82f444000 	/System/Library/Frameworks/Accelerate.framework/Versions/A/Accelerate
0x00007ff8296f7000 	/System/Library/PrivateFrameworks/IconServices.framework/Versions/A/IconServices
0x00007ff826296000 	/System/Library/Frameworks/IOSurface.framework/Versions/A/IOSurface
0x00007ff823bc4000 	/usr/lib/libDiagnosticMessagesClient.dylib
0x00007ff832983000 	/System/Library/Frameworks/ApplicationServices.framework/Versions/A/ApplicationServices
0x00007ff826a18000 	/System/Library/PrivateFrameworks/DFRFoundation.framework/Versions/A/DFRFoundation
0x00007ff81f213000 	/usr/lib/libicucore.A.dylib
0x00007ff82b724000 	/System/Library/Frameworks/AudioToolbox.framework/Versions/A/AudioToolbox
0x00007ff82a88f000 	/System/Library/PrivateFrameworks/DataDetectorsCore.framework/Versions/A/DataDetectorsCore
0x00007ff924082000 	/System/Library/PrivateFrameworks/TextInput.framework/Versions/A/TextInput
0x00007ff8213c2000 	/usr/lib/libMobileGestalt.dylib
0x00007ff826720000 	/System/Library/Frameworks/Carbon.framework/Versions/A/Frameworks/HIToolbox.framework/Versions/A/HIToolbox
0x00007ff8248c7000 	/System/Library/Frameworks/QuartzCore.framework/Versions/A/QuartzCore
0x00007ff81ee93000 	/System/Library/Frameworks/Security.framework/Versions/A/Security
0x00007ff82eda2000 	/System/Library/Frameworks/Carbon.framework/Versions/A/Frameworks/SpeechRecognition.framework/Versions/A/SpeechRecognition
0x00007ff824c63000 	/System/Library/PrivateFrameworks/CoreUI.framework/Versions/A/CoreUI
0x00007ff81e798000 	/System/Library/Frameworks/CoreAudio.framework/Versions/A/CoreAudio
0x00007ff823c9e000 	/System/Library/Frameworks/DiskArbitration.framework/Versions/A/DiskArbitration
0x00007ff82a09f000 	/System/Library/PrivateFrameworks/MultitouchSupport.framework/Versions/A/MultitouchSupport
0x00007ff8213c1000 	/usr/lib/libenergytrace.dylib
0x00007ff81f829000 	/System/Library/Frameworks/IOKit.framework/Versions/A/IOKit
0x00007ff82f19b000 	/System/Library/Frameworks/CoreServices.framework/Versions/A/CoreServices
0x00007ff824ebb000 	/System/Library/PrivateFrameworks/PerformanceAnalysis.framework/Versions/A/PerformanceAnalysis
0x00007ffa3188f000 	/System/Library/Frameworks/OpenGL.framework/Versions/A/OpenGL
0x00007ff824f6e000 	/usr/lib/libxml2.2.dylib
0x00007ff827dee000 	/System/Library/PrivateFrameworks/MobileKeyBag.framework/Versions/A/MobileKeyBag
0x00007ff822057000 	/System/Library/Frameworks/ColorSync.framework/Versions/A/ColorSync
0x00007ff81c8ab000 	/System/Library/Frameworks/CoreFoundation.framework/Versions/A/CoreFoundation
0x00007ff826dcd000 	/System/Library/Frameworks/CoreImage.framework/Versions/A/CoreImage
0x00007ff81e5a9000 	/System/Library/Frameworks/CoreText.framework/Versions/A/CoreText
0x00007ff826a6c000 	/System/Library/Frameworks/ImageIO.framework/Versions/A/ImageIO
0x00007ff82895d000 	/System/Library/PrivateFrameworks/SoftLinking.framework/Versions/A/SoftLinking
0x00007ff828bdc000 	/usr/lib/libcompression.dylib
0x00007ff82a7b6000 	/System/Library/PrivateFrameworks/TextureIO.framework/Versions/A/TextureIO
0x00007ff829326000 	/usr/lib/libate.dylib
0x00007ff8290b7000 	/usr/lib/liblzma.5.dylib
0x00007ff828959000 	/usr/lib/libfakelink.dylib
0x00007ff821005000 	/System/Library/Frameworks/CFNetwork.framework/Versions/A/CFNetwork
0x00007ff828a96000 	/usr/lib/libarchive.2.dylib
0x00007ff82d053000 	/System/Library/Frameworks/Combine.framework/Versions/A/Combine
0x00007ff82b19c000 	/usr/lib/swift/libswiftCore.dylib
0x00007ff9210fc000 	/usr/lib/swift/libswiftCoreFoundation.dylib
0x00007ff91f0fe000 	/usr/lib/swift/libswiftDarwin.dylib
0x00007ff8309be000 	/usr/lib/swift/libswiftDispatch.dylib
0x00007ff921118000 	/usr/lib/swift/libswiftIOKit.dylib
0x00007ff832dac000 	/usr/lib/swift/libswiftObjectiveC.dylib
0x00007ff92110d000 	/usr/lib/swift/libswiftXPC.dylib
0x00007ffb37f0a000 	/usr/lib/swift/libswift_Concurrency.dylib
0x00007ffb38049000 	/usr/lib/swift/libswift_StringProcessing.dylib
0x00007ff832db0000 	/usr/lib/swift/libswiftos.dylib
0x00007ff81f7ae000 	/System/Library/PrivateFrameworks/CoreServicesInternal.framework/Versions/A/CoreServicesInternal
0x00007ff827f01000 	/usr/lib/libbsm.0.dylib
0x00007ff8288f1000 	/usr/lib/system/libkxld.dylib
0x00007ff824eef000 	/System/Library/Frameworks/CoreServices.framework/Versions/A/Frameworks/FSEvents.framework/Versions/A/FSEvents
0x00007ff81f4b2000 	/System/Library/Frameworks/CoreServices.framework/Versions/A/Frameworks/CarbonCore.framework/Versions/A/CarbonCore
0x00007ff823c07000 	/System/Library/Frameworks/CoreServices.framework/Versions/A/Frameworks/Metadata.framework/Versions/A/Metadata
0x00007ff8285bd000 	/System/Library/Frameworks/CoreServices.framework/Versions/A/Frameworks/OSServices.framework/Versions/A/OSServices
0x00007ff828b1e000 	/System/Library/Frameworks/CoreServices.framework/Versions/A/Frameworks/SearchKit.framework/Versions/A/SearchKit
0x00007ff822deb000 	/System/Library/Frameworks/CoreServices.framework/Versions/A/Frameworks/AE.framework/Versions/A/AE
0x00007ff81cd43000 	/System/Library/Frameworks/CoreServices.framework/Versions/A/Frameworks/LaunchServices.framework/Versions/A/LaunchServices
0x00007ff829068000 	/System/Library/Frameworks/CoreServices.framework/Versions/A/Frameworks/DictionaryServices.framework/Versions/A/DictionaryServices
0x00007ff824efc000 	/System/Library/Frameworks/CoreServices.framework/Versions/A/Frameworks/SharedFileList.framework/Versions/A/SharedFileList
0x00007ff828baa000 	/usr/lib/libapple_nghttp2.dylib
0x00007ff821001000 	/usr/lib/libnetwork.dylib
0x00007ff822a6b000 	/usr/lib/libsqlite3.dylib
0x00007ff822e6c000 	/System/Library/Frameworks/Network.framework/Versions/A/Network
0x00007ffb36f36000 	/usr/lib/libCoreEntitlements.dylib
0x00007ffb24c8b000 	/System/Library/PrivateFrameworks/MessageSecurity.framework/Versions/A/MessageSecurity
0x00007ff822a52000 	/System/Library/PrivateFrameworks/ProtocolBuffer.framework/Versions/A/ProtocolBuffer
0x00007ff828597000 	/System/Library/PrivateFrameworks/AppleFSCompression.framework/Versions/A/AppleFSCompression
0x00007ff827ee9000 	/usr/lib/libcoretls.dylib
0x00007ff8290d1000 	/usr/lib/libcoretls_cfhelpers.dylib
0x00007ff828bd7000 	/usr/lib/libpam.2.dylib
0x00007ff82913e000 	/usr/lib/libxar.1.dylib
0x00007ff8296d3000 	/usr/lib/libheimdal-asn1.dylib
0x00007ff82895e000 	/usr/lib/libpcap.A.dylib
0x00007ff822e5b000 	/usr/lib/libdns_services.dylib
0x00007ff8271e7000 	/System/Library/PrivateFrameworks/AppleSystemInfo.framework/Versions/A/AppleSystemInfo
0x00007ff827bf8000 	/System/Library/PrivateFrameworks/IOMobileFramebuffer.framework/Versions/A/IOMobileFramebuffer
0x00007ff8285a7000 	/usr/lib/libbz2.1.0.dylib
0x00007ff827edd000 	/usr/lib/libCheckFix.dylib
0x00007ff821432000 	/System/Library/PrivateFrameworks/TCC.framework/Versions/A/TCC
0x00007ff8271ed000 	/System/Library/PrivateFrameworks/CoreNLP.framework/Versions/A/CoreNLP
0x00007ff823bc6000 	/System/Library/PrivateFrameworks/MetadataUtilities.framework/Versions/A/MetadataUtilities
0x00007ff827f11000 	/usr/lib/libmecab.dylib
0x00007ff81d3c7000 	/usr/lib/libCRFSuite.dylib
0x00007ff827f6b000 	/usr/lib/libgermantok.dylib
0x00007ff828b85000 	/usr/lib/libThaiTokenizer.dylib
0x00007ff823ca6000 	/System/Library/Frameworks/Accelerate.framework/Versions/A/Frameworks/vImage.framework/Versions/A/vImage
0x00007ff82f16e000 	/System/Library/Frameworks/Accelerate.framework/Versions/A/Frameworks/vecLib.framework/Versions/A/vecLib
0x00007ff829180000 	/System/Library/Frameworks/Accelerate.framework/Versions/A/Frameworks/vecLib.framework/Versions/A/libvMisc.dylib
0x00007ff8279f3000 	/System/Library/Frameworks/Accelerate.framework/Versions/A/Frameworks/vecLib.framework/Versions/A/libvDSP.dylib
0x00007ff81d0fd000 	/System/Library/Frameworks/Accelerate.framework/Versions/A/Frameworks/vecLib.framework/Versions/A/libBLAS.dylib
0x00007ff828cbb000 	/System/Library/Frameworks/Accelerate.framework/Versions/A/Frameworks/vecLib.framework/Versions/A/libLAPACK.dylib
0x00007ff827f6e000 	/System/Library/Frameworks/Accelerate.framework/Versions/A/Frameworks/vecLib.framework/Versions/A/libLinearAlgebra.dylib
0x00007ff828bc2000 	/System/Library/Frameworks/Accelerate.framework/Versions/A/Frameworks/vecLib.framework/Versions/A/libSparseBLAS.dylib
0x00007ff828cb5000 	/System/Library/Frameworks/Accelerate.framework/Versions/A/Frameworks/vecLib.framework/Versions/A/libQuadrature.dylib
0x00007ff8272da000 	/System/Library/Frameworks/Accelerate.framework/Versions/A/Frameworks/vecLib.framework/Versions/A/libBNNS.dylib
0x00007ff81d2d1000 	/System/Library/Frameworks/Accelerate.framework/Versions/A/Frameworks/vecLib.framework/Versions/A/libSparse.dylib
0x00007ffb23fc8000 	/System/Library/PrivateFrameworks/MIL.framework/Versions/A/MIL
0x00007ff828993000 	/usr/lib/libiconv.2.dylib
0x00007ff8288eb000 	/usr/lib/libcharset.1.dylib
0x00007ff824ed3000 	/System/Library/Frameworks/OpenDirectory.framework/Versions/A/Frameworks/CFOpenDirectory.framework/Versions/A/CFOpenDirectory
0x00007ff824ec7000 	/System/Library/Frameworks/OpenDirectory.framework/Versions/A/OpenDirectory
0x00007ff8290d3000 	/System/Library/PrivateFrameworks/APFS.framework/Versions/A/APFS
0x00007ff827e21000 	/System/Library/Frameworks/SecurityFoundation.framework/Versions/A/SecurityFoundation
0x00007ff82914c000 	/usr/lib/libutil.dylib
0x00007ffb231ce000 	/System/Library/PrivateFrameworks/InstalledContentLibrary.framework/Versions/A/InstalledContentLibrary
0x00007ff81f7ed000 	/System/Library/PrivateFrameworks/CoreServicesStore.framework/Versions/A/CoreServicesStore
0x00007ffa3a406000 	/System/Library/PrivateFrameworks/AppleMobileFileIntegrity.framework/Versions/A/AppleMobileFileIntegrity
0x00007ff9210dc000 	/usr/lib/libmis.dylib
0x00007ff92f5a6000 	/System/Library/PrivateFrameworks/MobileSystemServices.framework/Versions/A/MobileSystemServices
0x00007ffa29341000 	/System/Library/PrivateFrameworks/ConfigProfileHelper.framework/Versions/A/ConfigProfileHelper
0x00007ff828b87000 	/System/Library/PrivateFrameworks/AppleSauce.framework/Versions/A/AppleSauce
0x00007ff81e06e000 	/System/Library/PrivateFrameworks/LanguageModeling.framework/Versions/A/LanguageModeling
0x00007ff829150000 	/usr/lib/libxslt.1.dylib
0x00007ff828a85000 	/usr/lib/libcmph.dylib
0x00007ff827be6000 	/System/Library/PrivateFrameworks/CoreEmoji.framework/Versions/A/CoreEmoji
0x00007ff8272d4000 	/System/Library/PrivateFrameworks/LinguisticData.framework/Versions/A/LinguisticData
0x00007ff81d287000 	/System/Library/PrivateFrameworks/Lexicon.framework/Versions/A/Lexicon
0x00007ff827eaf000 	/System/Library/PrivateFrameworks/BackgroundTaskManagement.framework/Versions/A/BackgroundTaskManagement
0x00007ffb3706c000 	/usr/lib/libTLE.dylib
0x00007ffb37f8e000 	/usr/lib/swift/libswift_RegexParser.dylib
0x00007ff829f69000 	/System/Library/PrivateFrameworks/AppleJPEG.framework/Versions/A/AppleJPEG
0x00007ff8296b8000 	/usr/lib/libexpat.1.dylib
0x00007ff82a613000 	/System/Library/Frameworks/ImageIO.framework/Versions/A/Resources/libPng.dylib
0x00007ff82a640000 	/System/Library/Frameworks/ImageIO.framework/Versions/A/Resources/libTIFF.dylib
0x00007ff82a730000 	/System/Library/Frameworks/ImageIO.framework/Versions/A/Resources/libGIF.dylib
0x00007ff829fb4000 	/System/Library/Frameworks/ImageIO.framework/Versions/A/Resources/libJP2.dylib
0x00007ff82a6d0000 	/System/Library/Frameworks/ImageIO.framework/Versions/A/Resources/libJPEG.dylib
0x00007ff82a6c7000 	/System/Library/Frameworks/ImageIO.framework/Versions/A/Resources/libRadiance.dylib
0x00007ff8265b6000 	/System/Library/PrivateFrameworks/FontServices.framework/libFontParser.dylib
0x00007ff822d91000 	/System/Library/PrivateFrameworks/RunningBoardServices.framework/Versions/A/RunningBoardServices
0x00007ff83538c000 	/System/Library/PrivateFrameworks/IOSurfaceAccelerator.framework/Versions/A/IOSurfaceAccelerator
0x00007ff82a09b000 	/System/Library/PrivateFrameworks/WatchdogClient.framework/Versions/A/WatchdogClient
0x00007ff81e1d0000 	/System/Library/Frameworks/CoreDisplay.framework/Versions/A/CoreDisplay
0x00007ff8264a6000 	/System/Library/Frameworks/CoreMedia.framework/Versions/A/CoreMedia
0x00007ff8262aa000 	/System/Library/PrivateFrameworks/IOAccelerator.framework/Versions/A/IOAccelerator
0x00007ff82504d000 	/System/Library/Frameworks/CoreVideo.framework/Versions/A/CoreVideo
0x00007ff828bd5000 	/System/Library/Frameworks/MetalPerformanceShaders.framework/Versions/A/MetalPerformanceShaders
0x00007ff82a0d8000 	/System/Library/Frameworks/VideoToolbox.framework/Versions/A/VideoToolbox
0x00007ff822cd6000 	/System/Library/PrivateFrameworks/BaseBoard.framework/Versions/A/BaseBoard
0x00007ff82a6c0000 	/System/Library/PrivateFrameworks/GPUWrangler.framework/Versions/A/GPUWrangler
0x00007ff82a6a4000 	/System/Library/PrivateFrameworks/IOPresentment.framework/Versions/A/IOPresentment
0x00007ff82a6ca000 	/System/Library/PrivateFrameworks/DSExternalDisplay.framework/Versions/A/DSExternalDisplay
0x00007ffb1f8e7000 	/System/Library/PrivateFrameworks/GPUCompiler.framework/Versions/31001/Libraries/libllvm-flatbuffers.dylib
0x00007ffa31883000 	/System/Library/Frameworks/OpenGL.framework/Versions/A/Libraries/libCoreFSCache.dylib
0x00007ffb1f8e3000 	/System/Library/PrivateFrameworks/GPUCompiler.framework/Versions/31001/Libraries/libGPUCompilerUtils.dylib
0x00007ff82a736000 	/System/Library/PrivateFrameworks/CMCaptureCore.framework/Versions/A/CMCaptureCore
0x00007ffa34a6f000 	/System/Library/Frameworks/ExtensionFoundation.framework/Versions/A/ExtensionFoundation
0x00007ff831137000 	/System/Library/PrivateFrameworks/CoreTime.framework/Versions/A/CoreTime
0x00007ff829c6c000 	/System/Library/PrivateFrameworks/AppServerSupport.framework/Versions/A/AppServerSupport
0x00007ff82bfe9000 	/System/Library/PrivateFrameworks/perfdata.framework/Versions/A/perfdata
0x00007ff81e2fc000 	/System/Library/PrivateFrameworks/AudioToolboxCore.framework/Versions/A/AudioToolboxCore
0x00007ff826480000 	/System/Library/PrivateFrameworks/caulk.framework/Versions/A/caulk
0x00007ff82b8bb000 	/usr/lib/libAudioStatistics.dylib
0x00007ff920581000 	/System/Library/PrivateFrameworks/SystemPolicy.framework/Versions/A/SystemPolicy
0x00007ff82bb54000 	/usr/lib/libSMC.dylib
0x00007ff834bfb000 	/System/Library/Frameworks/CoreMIDI.framework/Versions/A/CoreMIDI
0x00007ff82a5e1000 	/usr/lib/libAudioToolboxUtility.dylib
0x00007ff83a0c2000 	/System/Library/PrivateFrameworks/OSAServicesClient.framework/Versions/A/OSAServicesClient
0x00007ff82bff6000 	/usr/lib/libperfcheck.dylib
0x00007ff82959c000 	/System/Library/PrivateFrameworks/PlugInKit.framework/Versions/A/PlugInKit
0x00007ff827e14000 	/System/Library/PrivateFrameworks/AssertionServices.framework/Versions/A/AssertionServices
0x00007ffa318de000 	/System/Library/Frameworks/OpenGL.framework/Versions/A/Libraries/libGLU.dylib
0x00007ffa318a2000 	/System/Library/Frameworks/OpenGL.framework/Versions/A/Libraries/libGFXShared.dylib
0x00007ffa31aab000 	/System/Library/Frameworks/OpenGL.framework/Versions/A/Libraries/libGL.dylib
0x00007ffa318ab000 	/System/Library/Frameworks/OpenGL.framework/Versions/A/Libraries/libGLImage.dylib
0x00007ffa3189f000 	/System/Library/Frameworks/OpenGL.framework/Versions/A/Libraries/libCVMSPluginSupport.dylib
0x00007ffb3704b000 	/usr/lib/libRosetta.dylib
0x00007ffa3188a000 	/System/Library/Frameworks/OpenGL.framework/Versions/A/Libraries/libCoreVMClient.dylib
0x00007ff827165000 	/System/Library/Frameworks/MetalPerformanceShaders.framework/Versions/A/Frameworks/MPSCore.framework/Versions/A/MPSCore
0x00007ff828501000 	/System/Library/Frameworks/MetalPerformanceShaders.framework/Versions/A/Frameworks/MPSImage.framework/Versions/A/MPSImage
0x00007ff827f84000 	/System/Library/Frameworks/MetalPerformanceShaders.framework/Versions/A/Frameworks/MPSNeuralNetwork.framework/Versions/A/MPSNeuralNetwork
0x00007ff8283f7000 	/System/Library/Frameworks/MetalPerformanceShaders.framework/Versions/A/Frameworks/MPSMatrix.framework/Versions/A/MPSMatrix
0x00007ff8281b2000 	/System/Library/Frameworks/MetalPerformanceShaders.framework/Versions/A/Frameworks/MPSRayIntersector.framework/Versions/A/MPSRayIntersector
0x00007ff828432000 	/System/Library/Frameworks/MetalPerformanceShaders.framework/Versions/A/Frameworks/MPSNDArray.framework/Versions/A/MPSNDArray
0x00007ffa35dc0000 	/System/Library/Frameworks/MetalPerformanceShaders.framework/Versions/A/Frameworks/MPSFunctions.framework/Versions/A/MPSFunctions
0x00007ff81cfbe000 	/System/Library/PrivateFrameworks/MetalTools.framework/Versions/A/MetalTools
0x00007ff8271e6000 	/System/Library/PrivateFrameworks/AggregateDictionary.framework/Versions/A/AggregateDictionary
0x00007ff829456000 	/usr/lib/libIOReport.dylib
0x00007ffa32572000 	/System/Library/Frameworks/OpenCL.framework/Versions/A/OpenCL
0x00007ff8297fe000 	/System/Library/PrivateFrameworks/GraphVisualizer.framework/Versions/A/GraphVisualizer
0x00007ffb1f7e8000 	/System/Library/PrivateFrameworks/FontServices.framework/Versions/A/FontServices
0x00007ff829c27000 	/System/Library/PrivateFrameworks/OTSVG.framework/Versions/A/OTSVG
0x00007ff824c17000 	/System/Library/Frameworks/ApplicationServices.framework/Versions/A/Frameworks/ATS.framework/Versions/A/Resources/libFontRegistry.dylib
0x00007ff829c76000 	/System/Library/PrivateFrameworks/FontServices.framework/libhvf.dylib
0x00007ffb1f7e9000 	/System/Library/PrivateFrameworks/FontServices.framework/libXTFontStaticRegistryData.dylib
0x00007ffb3066a000 	/System/Library/PrivateFrameworks/VideoToolboxParavirtualizationSupport.framework/Versions/A/VideoToolboxParavirtualizationSupport
0x00007ff829668000 	/System/Library/PrivateFrameworks/AppleVA.framework/Versions/A/AppleVA
0x00007ff82b8f7000 	/System/Library/Frameworks/ApplicationServices.framework/Versions/A/Frameworks/ATS.framework/Versions/A/ATS
0x00007ff822147000 	/System/Library/Frameworks/ApplicationServices.framework/Versions/A/Frameworks/HIServices.framework/Versions/A/HIServices
0x00007ff82a742000 	/System/Library/Frameworks/ApplicationServices.framework/Versions/A/Frameworks/PrintCore.framework/Versions/A/PrintCore
0x00007ff82bca9000 	/System/Library/Frameworks/ApplicationServices.framework/Versions/A/Frameworks/QD.framework/Versions/A/QD
0x00007ff82bca1000 	/System/Library/Frameworks/ApplicationServices.framework/Versions/A/Frameworks/ColorSyncLegacy.framework/Versions/A/ColorSyncLegacy
0x00007ff82b8cf000 	/System/Library/Frameworks/ApplicationServices.framework/Versions/A/Frameworks/SpeechSynthesis.framework/Versions/A/SpeechSynthesis
0x00007ff82a700000 	/System/Library/Frameworks/ApplicationServices.framework/Versions/A/Frameworks/ATSUI.framework/Versions/A/ATSUI
0x00007ff82bc34000 	/usr/lib/libcups.2.dylib
0x00007ff82c005000 	/System/Library/Frameworks/Kerberos.framework/Versions/A/Kerberos
0x00007ff82c014000 	/System/Library/Frameworks/GSS.framework/Versions/A/GSS
0x00007ff82b965000 	/usr/lib/libresolv.9.dylib
0x00007ff829c87000 	/System/Library/PrivateFrameworks/Heimdal.framework/Versions/A/Heimdal
0x00007ff832d30000 	/System/Library/Frameworks/Kerberos.framework/Versions/A/Libraries/libHeimdalProxy.dylib
0x00007ff82c05f000 	/System/Library/PrivateFrameworks/CommonAuth.framework/Versions/A/CommonAuth
0x00007ffa33d4f000 	/System/Library/Frameworks/AVFAudio.framework/Versions/A/AVFAudio
0x00007ff83a10b000 	/System/Library/PrivateFrameworks/AXCoreUtilities.framework/Versions/A/AXCoreUtilities
0x00007ff82b84b000 	/System/Library/PrivateFrameworks/AudioSession.framework/Versions/A/AudioSession
0x00007ff82ce2c000 	/System/Library/Frameworks/IOBluetooth.framework/Versions/A/IOBluetooth
0x00007ff82976e000 	/System/Library/PrivateFrameworks/MediaExperience.framework/Versions/A/MediaExperience
0x00007ff82b6f3000 	/System/Library/PrivateFrameworks/AudioSession.framework/libSessionUtility.dylib
0x00007ff82bcb5000 	/System/Library/PrivateFrameworks/AudioResourceArbitration.framework/Versions/A/AudioResourceArbitration
0x00007ff82fd7b000 	/System/Library/PrivateFrameworks/PowerLog.framework/Versions/A/PowerLog
0x00007ff82fcbd000 	/System/Library/Frameworks/CoreBluetooth.framework/Versions/A/CoreBluetooth
0x00007ff832d31000 	/System/Library/Frameworks/AudioUnit.framework/Versions/A/AudioUnit
0x00007ff827c7f000 	/System/Library/PrivateFrameworks/CoreUtils.framework/Versions/A/CoreUtils
0x00007ffb1e3bd000 	/System/Library/PrivateFrameworks/CoreUtilsExtras.framework/Versions/A/CoreUtilsExtras
0x00007ffb23065000 	/System/Library/PrivateFrameworks/IO80211.framework/Versions/A/IO80211
0x00007ff8296dc000 	/System/Library/PrivateFrameworks/IconFoundation.framework/Versions/A/IconFoundation
0x00007ff82ed92000 	/System/Library/PrivateFrameworks/SpeechRecognitionCore.framework/Versions/A/SpeechRecognitionCore
0x000000010bb4b000 	/Applications/Eclipse.app/Contents/Eclipse/plugins/org.eclipse.justj.openjdk.hotspot.jre.full.macosx.x86_64_16.0.2.v20210721-1149/jre/lib/server/libjvm.dylib
0x000000010ab15000 	/Applications/Eclipse.app/Contents/Eclipse/plugins/org.eclipse.justj.openjdk.hotspot.jre.full.macosx.x86_64_16.0.2.v20210721-1149/jre/lib/libjimage.dylib
0x000000010ab9b000 	/Applications/Eclipse.app/Contents/Eclipse/plugins/org.eclipse.justj.openjdk.hotspot.jre.full.macosx.x86_64_16.0.2.v20210721-1149/jre/lib/libjava.dylib
0x000000010ba77000 	/Applications/Eclipse.app/Contents/Eclipse/plugins/org.eclipse.justj.openjdk.hotspot.jre.full.macosx.x86_64_16.0.2.v20210721-1149/jre/lib/libzip.dylib
0x00000001268b2000 	/Applications/Eclipse.app/Contents/Eclipse/plugins/org.eclipse.justj.openjdk.hotspot.jre.full.macosx.x86_64_16.0.2.v20210721-1149/jre/lib/libnio.dylib
0x00000001268fc000 	/Applications/Eclipse.app/Contents/Eclipse/plugins/org.eclipse.justj.openjdk.hotspot.jre.full.macosx.x86_64_16.0.2.v20210721-1149/jre/lib/libnet.dylib
0x0000000129100000 	/Applications/Eclipse.app/Contents/Eclipse/plugins/org.eclipse.justj.openjdk.hotspot.jre.full.macosx.x86_64_16.0.2.v20210721-1149/jre/lib/libawt.dylib
0x0000000129279000 	/Applications/Eclipse.app/Contents/Eclipse/plugins/org.eclipse.justj.openjdk.hotspot.jre.full.macosx.x86_64_16.0.2.v20210721-1149/jre/lib/libmlib_image.dylib
0x00007ffa35011000 	/System/Library/Frameworks/JavaNativeFoundation.framework/Versions/A/JavaNativeFoundation
0x00007ffa3501d000 	/System/Library/Frameworks/JavaRuntimeSupport.framework/Versions/A/JavaRuntimeSupport
0x00007ff91ffb0000 	/System/Library/Frameworks/Carbon.framework/Versions/A/Carbon
0x00007ff831066000 	/System/Library/PrivateFrameworks/CoreSymbolication.framework/Versions/A/CoreSymbolication
0x00007ff836875000 	/System/Library/Frameworks/Carbon.framework/Versions/A/Frameworks/CommonPanels.framework/Versions/A/CommonPanels
0x00007ff8326b1000 	/System/Library/Frameworks/Carbon.framework/Versions/A/Frameworks/Help.framework/Versions/A/Help
0x00007ff836879000 	/System/Library/Frameworks/Carbon.framework/Versions/A/Frameworks/ImageCapture.framework/Versions/A/ImageCapture
0x00007ff836849000 	/System/Library/Frameworks/Carbon.framework/Versions/A/Frameworks/OpenScripting.framework/Versions/A/OpenScripting
0x00007ff836871000 	/System/Library/Frameworks/Carbon.framework/Versions/A/Frameworks/Ink.framework/Versions/A/Ink
0x00007ff91ffac000 	/System/Library/Frameworks/Carbon.framework/Versions/A/Frameworks/Print.framework/Versions/A/Print
0x00007ff83686d000 	/System/Library/Frameworks/Carbon.framework/Versions/A/Frameworks/SecurityHI.framework/Versions/A/SecurityHI
0x00007ff83102b000 	/System/Library/PrivateFrameworks/DebugSymbols.framework/Versions/A/DebugSymbols
0x00000001293cb000 	/Applications/Eclipse.app/Contents/Eclipse/plugins/org.eclipse.justj.openjdk.hotspot.jre.full.macosx.x86_64_16.0.2.v20210721-1149/jre/lib/libawt_lwawt.dylib
0x0000000126ab5000 	/Applications/Eclipse.app/Contents/Eclipse/plugins/org.eclipse.justj.openjdk.hotspot.jre.full.macosx.x86_64_16.0.2.v20210721-1149/jre/lib/libosxapp.dylib
0x00007ff91f16c000 	/System/Library/Frameworks/ExceptionHandling.framework/Versions/A/ExceptionHandling
0x0000000126ae9000 	/Applications/Eclipse.app/Contents/Eclipse/plugins/org.eclipse.justj.openjdk.hotspot.jre.full.macosx.x86_64_16.0.2.v20210721-1149/jre/lib/libfontmanager.dylib
0x00000001296d6000 	/Applications/Eclipse.app/Contents/Eclipse/plugins/org.eclipse.justj.openjdk.hotspot.jre.full.macosx.x86_64_16.0.2.v20210721-1149/jre/lib/libharfbuzz.dylib
0x000000012954e000 	/Applications/Eclipse.app/Contents/Eclipse/plugins/org.eclipse.justj.openjdk.hotspot.jre.full.macosx.x86_64_16.0.2.v20210721-1149/jre/lib/libfreetype.dylib
0x00007ff83036d000 	/System/Library/Frameworks/FileProvider.framework/Versions/A/FileProvider
0x00007ff822c41000 	/System/Library/Frameworks/Accounts.framework/Versions/A/Accounts
0x00007ff8250dc000 	/System/Library/PrivateFrameworks/UserManagement.framework/Versions/A/UserManagement
0x00007ff8304f6000 	/System/Library/PrivateFrameworks/GenerationalStorage.framework/Versions/A/GenerationalStorage
0x00007ff82fd70000 	/System/Library/PrivateFrameworks/SymptomDiagnosticReporter.framework/Versions/A/SymptomDiagnosticReporter
0x00007ff820b2f000 	/System/Library/PrivateFrameworks/DesktopServicesPriv.framework/Versions/A/DesktopServicesPriv
0x00007ff81f8f7000 	/usr/lib/libsandbox.1.dylib
0x00007ff82bc96000 	/System/Library/PrivateFrameworks/NetAuth.framework/Versions/A/NetAuth
0x00007ff82ccb0000 	/System/Library/PrivateFrameworks/Sharing.framework/Versions/A/Sharing
0x00007ff8250a2000 	/System/Library/PrivateFrameworks/login.framework/Versions/A/Frameworks/loginsupport.framework/Versions/A/loginsupport
0x00007ff832261000 	/System/Library/PrivateFrameworks/Apple80211.framework/Versions/A/Apple80211
0x00007ff8285ea000 	/System/Library/PrivateFrameworks/AuthKit.framework/Versions/A/AuthKit
0x00007ff827c05000 	/System/Library/Frameworks/CoreWLAN.framework/Versions/A/CoreWLAN
0x00007ff832265000 	/System/Library/PrivateFrameworks/CoreWiFi.framework/Versions/A/CoreWiFi
0x00007ffa234bc000 	/System/Library/PrivateFrameworks/WiFiPeerToPeer.framework/Versions/A/WiFiPeerToPeer
0x00007ff830bd8000 	/System/Library/PrivateFrameworks/FrontBoardServices.framework/Versions/A/FrontBoardServices
0x00007ff830c6f000 	/System/Library/PrivateFrameworks/BoardServices.framework/Versions/A/BoardServices
0x00007ff8323c3000 	/System/Library/PrivateFrameworks/BackBoardServices.framework/Versions/A/BackBoardServices
0x00007ff828750000 	/System/Library/Frameworks/UserNotifications.framework/Versions/A/UserNotifications
0x00007ff82c153000 	/System/Library/PrivateFrameworks/CorePhoneNumbers.framework/Versions/A/CorePhoneNumbers
0x00007ff82b992000 	/System/Library/PrivateFrameworks/MultiverseSupport.framework/Versions/A/MultiverseSupport
0x00007ff83263e000 	/System/Library/PrivateFrameworks/RemoteServiceDiscovery.framework/Versions/A/RemoteServiceDiscovery
0x00007ff82fe8e000 	/System/Library/PrivateFrameworks/DiskManagement.framework/Versions/A/DiskManagement
0x00007ff82fda2000 	/System/Library/PrivateFrameworks/AppleIDAuthSupport.framework/Versions/A/AppleIDAuthSupport
0x00007ffa38860000 	/System/Library/PrivateFrameworks/AAAFoundation.framework/Versions/A/AAAFoundation
0x00007ff82c12c000 	/System/Library/PrivateFrameworks/KeychainCircle.framework/Versions/A/KeychainCircle
0x00007ff83264e000 	/System/Library/PrivateFrameworks/RemoteXPC.framework/Versions/A/RemoteXPC
0x00007ff82fe5a000 	/System/Library/PrivateFrameworks/MediaKit.framework/Versions/A/MediaKit
0x00007ff82fdae000 	/System/Library/Frameworks/DiscRecording.framework/Versions/A/DiscRecording
0x00007ff8295e0000 	/usr/lib/libCoreStorage.dylib
0x00007ff8326b9000 	/usr/lib/libcsfde.dylib
0x00007ff82cefd000 	/System/Library/PrivateFrameworks/ProtectedCloudStorage.framework/Versions/A/ProtectedCloudStorage
0x00007ff8326b5000 	/System/Library/PrivateFrameworks/EFILogin.framework/Versions/A/EFILogin
0x00007ff83051c000 	/System/Library/PrivateFrameworks/OctagonTrust.framework/Versions/A/OctagonTrust
0x00007ff8295d8000 	/usr/lib/libMatch.1.dylib
0x00007ff928cf5000 	/System/Library/CoreServices/RawCamera.bundle/Contents/MacOS/RawCamera
0x00007ff82c06f000 	/System/Library/PrivateFrameworks/MobileAsset.framework/Versions/A/MobileAsset
0x00007ff92664c000 	/System/Library/PrivateFrameworks/SoftwareUpdateCoreSupport.framework/Versions/A/SoftwareUpdateCoreSupport
0x00007ff92c983000 	/System/Library/PrivateFrameworks/SoftwareUpdateCoreConnect.framework/Versions/A/SoftwareUpdateCoreConnect
0x00007ff832d55000 	/System/Library/PrivateFrameworks/StreamingZip.framework/Versions/A/StreamingZip
0x00007ff9262d4000 	/System/Library/PrivateFrameworks/MSUDataAccessor.framework/Versions/A/MSUDataAccessor
0x00007ff922915000 	/usr/lib/libbootpolicy.dylib
0x00007ff9331e9000 	/usr/lib/libpartition2_dynamic.dylib
0x00007ffa3aeec000 	/System/Library/PrivateFrameworks/CMPhoto.framework/Versions/A/CMPhoto
0x00007ff830eff000 	/System/Library/PrivateFrameworks/AppleVPA.framework/Versions/A/AppleVPA
0x00007ff82a979000 	/System/Library/Frameworks/MediaToolbox.framework/Versions/A/MediaToolbox
0x00007ff83033d000 	/System/Library/PrivateFrameworks/CoreAVCHD.framework/Versions/A/CoreAVCHD
0x00007ff82f48c000 	/System/Library/Frameworks/MediaAccessibility.framework/Versions/A/MediaAccessibility
0x00007ff830339000 	/System/Library/PrivateFrameworks/Mangrove.framework/Versions/A/Mangrove
0x00007ff82ff7e000 	/System/Library/PrivateFrameworks/CoreAUC.framework/Versions/A/CoreAUC
0x00007ff925cbc000 	/System/Library/Frameworks/Accelerate.framework/Versions/A/Frameworks/vImage.framework/Versions/A/Libraries/libCGInterfaces.dylib
0x000000012c419000 	/usr/lib/libobjc-trampolines.dylib
0x00007ffb36e07000 	/usr/lib/libAccessibilityBaseImplementations.dylib
0x00007ff824dbb000 	/System/Library/PrivateFrameworks/ViewBridge.framework/Versions/A/ViewBridge
0x00007ffa31ab6000 	/System/Library/Frameworks/OpenGL.framework/Versions/A/Resources/GLEngine.bundle/GLEngine
0x00007ffa3191c000 	/System/Library/Frameworks/OpenGL.framework/Versions/A/Libraries/libGLProgrammability.dylib
0x000000012e400000 	/System/Library/Extensions/AppleMetalOpenGLRenderer.bundle/Contents/MacOS/AppleMetalOpenGLRenderer
0x00007ffa31c40000 	/System/Library/Frameworks/OpenGL.framework/Versions/A/Resources/GLRendererFloat.bundle/GLRendererFloat
0x00007ffa32ba4000 	/System/Library/Extensions/AGXMetal13_3.bundle/Contents/MacOS/AGXMetal13_3
0x00007ff9210ef000 	/System/Library/PrivateFrameworks/GPURawCounter.framework/Versions/A/GPURawCounter
0x00007ff8391b6000 	/System/Library/PrivateFrameworks/IOGPU.framework/Versions/A/IOGPU
0x00007ff829d3e000 	/System/Library/PrivateFrameworks/login.framework/Versions/A/login
0x000000012e623000 	/Applications/Eclipse.app/Contents/Eclipse/plugins/org.eclipse.justj.openjdk.hotspot.jre.full.macosx.x86_64_16.0.2.v20210721-1149/jre/lib/libosxui.dylib
0x000000012e698000 	/Applications/Eclipse.app/Contents/Eclipse/plugins/org.eclipse.justj.openjdk.hotspot.jre.full.macosx.x86_64_16.0.2.v20210721-1149/jre/lib/libprefs.dylib
0x000000015ee62000 	/Users/alexm/eclipse-workspace/elec-c8203-master.zip_expanded/elec-c8203-master/libbulletjme.dylib
0x000000015d696000 	/Users/alexm/eclipse-workspace/elec-c8203-master.zip_expanded/elec-c8203-master/libopenal.dylib
0x000000015d5f9000 	/Applications/Eclipse.app/Contents/Eclipse/plugins/org.eclipse.justj.openjdk.hotspot.jre.full.macosx.x86_64_16.0.2.v20210721-1149/jre/lib/libverify.dylib
0x000000015d7bb000 	/Users/alexm/eclipse-workspace/elec-c8203-master.zip_expanded/elec-c8203-master/liblwjgl.dylib
0x000000015d625000 	/Applications/Eclipse.app/Contents/Eclipse/plugins/org.eclipse.justj.openjdk.hotspot.jre.full.macosx.x86_64_16.0.2.v20210721-1149/jre/lib/libjawt.dylib
0x00007ffa3716e000 	/System/Library/Frameworks/OpenAL.framework/Versions/A/OpenAL
0x00007ff920381000 	/System/Library/Frameworks/AVFoundation.framework/Versions/A/AVFoundation
0x00007ff8309d3000 	/System/Library/PrivateFrameworks/AVFCore.framework/Versions/A/AVFCore
0x00007ff837f60000 	/System/Library/PrivateFrameworks/AVFCapture.framework/Versions/A/AVFCapture
0x00007ff91edbe000 	/System/Library/PrivateFrameworks/AirPlaySync.framework/Versions/A/AirPlaySync
0x00007ffa3aebe000 	/System/Library/PrivateFrameworks/CMImaging.framework/Versions/A/CMImaging
0x00007ff8380dd000 	/System/Library/PrivateFrameworks/Quagga.framework/Versions/A/Quagga
0x00007ff8381af000 	/System/Library/PrivateFrameworks/CMCapture.framework/Versions/A/CMCapture
0x00007ff82ba61000 	/System/Library/Frameworks/CoreMediaIO.framework/Versions/A/CoreMediaIO
0x00007ff921040000 	/System/Library/PrivateFrameworks/LoggingSupport.framework/Versions/A/LoggingSupport
0x000000015f954000 	/System/Library/Components/CoreAudio.component/Contents/MacOS/CoreAudio
0x0000000162606000 	/System/Library/Components/AudioDSP.component/Contents/MacOS/AudioDSP
0x00007ffb36e9c000 	/usr/lib/libAudioDSPCore.dylib
0x00007ff832e61000 	/System/Library/PrivateFrameworks/Espresso.framework/Versions/A/Espresso
0x00007ff83273e000 	/System/Library/PrivateFrameworks/AppSupport.framework/Versions/A/AppSupport
0x00007ffa2990d000 	/System/Library/PrivateFrameworks/ANECompiler.framework/Versions/A/ANECompiler
0x00007ff834b0f000 	/System/Library/PrivateFrameworks/AppleNeuralEngine.framework/Versions/A/AppleNeuralEngine
0x00007ffa35dd3000 	/System/Library/Frameworks/MetalPerformanceShadersGraph.framework/Versions/A/MetalPerformanceShadersGraph
0x00007ffb24d7c000 	/System/Library/PrivateFrameworks/MilAneflow.framework/Versions/A/MilAneflow
0x00007ff833c4c000 	/System/Library/PrivateFrameworks/ANEServices.framework/Versions/A/ANEServices
0x00007ff9251bc000 	/usr/lib/libncurses.5.4.dylib
0x00007ff82f4c0000 	/System/Library/PrivateFrameworks/SystemAdministration.framework/Versions/A/SystemAdministration
0x00007ff82ed5e000 	/System/Library/Frameworks/DirectoryService.framework/Versions/A/DirectoryService
0x00007ff832556000 	/System/Library/PrivateFrameworks/DiskImages.framework/Versions/A/DiskImages
0x00007ff827ed0000 	/System/Library/Frameworks/ServiceManagement.framework/Versions/A/ServiceManagement
0x00007ff832736000 	/System/Library/PrivateFrameworks/LoginUIKit.framework/Versions/A/Frameworks/LoginUICore.framework/Versions/A/LoginUICore
0x00007ff829ef9000 	/usr/lib/libodfde.dylib
0x00007ff8326c5000 	/usr/lib/libcurl.4.dylib
0x00007ffb374e7000 	/usr/lib/libcrypto.46.dylib
0x00007ffb37b56000 	/usr/lib/libssl.48.dylib
0x00007ff8323e4000 	/System/Library/Frameworks/LDAP.framework/Versions/A/LDAP
0x00007ff832420000 	/System/Library/PrivateFrameworks/TrustEvaluationAgent.framework/Versions/A/TrustEvaluationAgent
0x00007ff82b97e000 	/usr/lib/libsasl2.2.dylib


VM Arguments:
jvm_args: -Dfile.encoding=UTF-8 -XX:+ShowCodeDetailsInExceptionMessages 
java_command: mygame.Main
java_class_path (initial): /Users/alexm/eclipse-workspace/elec-c8203-master.zip_expanded/elec-c8203-master/target/classes:/Users/alexm/.m2/repository/org/jmonkeyengine/jme3-blender/3.3.2-stable/jme3-blender-3.3.2-stable.jar:/Users/alexm/.m2/repository/org/ejml/core/0.27/core-0.27.jar:/Users/alexm/.m2/repository/org/ejml/dense64/0.27/dense64-0.27.jar:/Users/alexm/.m2/repository/org/ejml/simple/0.27/simple-0.27.jar:/Users/alexm/.m2/repository/org/ejml/denseC64/0.27/denseC64-0.27.jar:/Users/alexm/.m2/repository/org/jmonkeyengine/jme3-bullet/3.3.2-stable/jme3-bullet-3.3.2-stable.jar:/Users/alexm/.m2/repository/org/jmonkeyengine/jme3-bullet-native/3.3.2-stable/jme3-bullet-native-3.3.2-stable.jar:/Users/alexm/.m2/repository/org/jmonkeyengine/jme3-core/3.4.0-stable/jme3-core-3.4.0-stable.jar:/Users/alexm/.m2/repository/org/jmonkeyengine/jme3-desktop/3.4.0-stable/jme3-desktop-3.4.0-stable.jar:/Users/alexm/.m2/repository/org/jmonkeyengine/jme3-effects/3.4.0-stable/jme3-effects-3.4.0-stable.jar:/Users/alexm/.m2/repository/org/jmonkeyengine/jme3-examples/3.4.0-stable/jme3-examples-3.4.0-stable.jar:/Users/alexm/.m2/repository/org/jmonkeyengine/jme3-jbullet/3.4.0-stable/jme3-jbullet-3.4.0-stable.jar:/Users/alexm/.m2/repository/com/github/stephengold/jbullet/1.0.1/jbullet-1.0.1.jar:/Users/alexm/.m2/repository/com/github/stephengold/stack-alloc/1.0.1/stack-alloc-1.0.1.jar:/Users/alexm/.m2/repository/com/github/stephengold/asm-all/3.1.1/asm-all-3.1.1.jar:/Users/alexm/.m2/repository/org/apache/ant/ant/1.10.10/ant-1.10.10.jar:/Users/alexm/.m2/repository/org/apache/ant/ant-launcher/1.10.10/ant-launcher-1.10.10.jar:/Users/alexm/.m2/repository/javax/vecmath/vecmath/1.5.2/vecmath-1.5.2.jar:/Users/alexm/.m2/repository/org/jmonkeyengine/jme3-niftygui/3.4.0-stable/jme3-niftygui-3.4.0-stable.jar:/Users/alexm/.m2/repository/com/github/nifty-gui/nifty/1.4.3/nifty-1.4.3.jar:/Users/alexm/.m2/repository/xpp3/xpp3/1.1.4c/xpp3-1.1.4c.jar:/Users/alexm/.m2/repository/com/google/code/findbugs/jsr305
Launcher Type: SUN_STANDARD

[Global flags]
     intx CICompilerCount                          = 4                                         {product} {ergonomic}
     uint ConcGCThreads                            = 2                                         {product} {ergonomic}
     uint G1ConcRefinementThreads                  = 8                                         {product} {ergonomic}
   size_t G1HeapRegionSize                         = 1048576                                   {product} {ergonomic}
    uintx GCDrainStackTargetSize                   = 64                                        {product} {ergonomic}
   size_t InitialHeapSize                          = 134217728                                 {product} {ergonomic}
   size_t MarkStackSize                            = 4194304                                   {product} {ergonomic}
   size_t MaxHeapSize                              = 2147483648                                {product} {ergonomic}
   size_t MaxNewSize                               = 1287651328                                {product} {ergonomic}
   size_t MinHeapDeltaBytes                        = 1048576                                   {product} {ergonomic}
   size_t MinHeapSize                              = 8388608                                   {product} {ergonomic}
    uintx NonNMethodCodeHeapSize                   = 5839372                                {pd product} {ergonomic}
    uintx NonProfiledCodeHeapSize                  = 122909434                              {pd product} {ergonomic}
    uintx ProfiledCodeHeapSize                     = 122909434                              {pd product} {ergonomic}
    uintx ReservedCodeCacheSize                    = 251658240                              {pd product} {ergonomic}
     bool SegmentedCodeCache                       = true                                      {product} {ergonomic}
     bool ShowCodeDetailsInExceptionMessages       = true                                   {manageable} {command line}
   size_t SoftMaxHeapSize                          = 2147483648                             {manageable} {ergonomic}
     bool UseCompressedClassPointers               = true                           {product lp64_product} {ergonomic}
     bool UseCompressedOops                        = true                           {product lp64_product} {ergonomic}
     bool UseG1GC                                  = true                                      {product} {ergonomic}
     bool UseNUMA                                  = false                                     {product} {ergonomic}
     bool UseNUMAInterleaving                      = false                                     {product} {ergonomic}

Logging:
Log output configuration:
 #0: stdout all=warning uptime,level,tags
 #1: stderr all=off uptime,level,tags

Environment Variables:
PATH=/usr/bin:/bin:/usr/sbin:/sbin
SHELL=/bin/zsh

Signal Handlers:
SIGSEGV: [libjvm.dylib+0xa7da90], sa_mask[0]=11100110100111111111111111111111, sa_flags=SA_ONSTACK|SA_RESTART|SA_SIGINFO
SIGBUS: [libjvm.dylib+0xa7da90], sa_mask[0]=11100110100111111111111111111111, sa_flags=SA_RESTART|SA_SIGINFO
SIGFPE: [libjvm.dylib+0xa7da90], sa_mask[0]=11100110100111111111111111111111, sa_flags=SA_RESTART|SA_SIGINFO
SIGPIPE: [libjvm.dylib+0x947480], sa_mask[0]=11100110100111111111111111111111, sa_flags=SA_RESTART|SA_SIGINFO
SIGXFSZ: [libjvm.dylib+0x947480], sa_mask[0]=11100110100111111111111111111111, sa_flags=SA_RESTART|SA_SIGINFO
SIGILL: [libjvm.dylib+0xa7da90], sa_mask[0]=11100110100111111111111111111111, sa_flags=SA_RESTART|SA_SIGINFO
SIGUSR2: [libjvm.dylib+0x947f30], sa_mask[0]=00100000000000000000000000000000, sa_flags=SA_RESTART|SA_SIGINFO
SIGHUP: [libjvm.dylib+0x9464f0], sa_mask[0]=11100110100111111111111111111111, sa_flags=SA_RESTART|SA_SIGINFO
SIGINT: [libjvm.dylib+0x9464f0], sa_mask[0]=11100110100111111111111111111111, sa_flags=SA_RESTART|SA_SIGINFO
SIGTERM: [libjvm.dylib+0x9464f0], sa_mask[0]=11100110100111111111111111111111, sa_flags=SA_RESTART|SA_SIGINFO
SIGQUIT: [libjvm.dylib+0x9464f0], sa_mask[0]=11100110100111111111111111111111, sa_flags=SA_RESTART|SA_SIGINFO
SIGTRAP: [libjvm.dylib+0xa7da90], sa_mask[0]=11100110100111111111111111111111, sa_flags=SA_RESTART|SA_SIGINFO


---------------  S Y S T E M  ---------------

OS:uname: Darwin 22.1.0 Darwin Kernel Version 22.1.0: Sun Oct  9 20:14:30 PDT 2022; root:xnu-8792.41.9~2/RELEASE_ARM64_T8103 x86_64
OS uptime: 0 days 0:42 hours
rlimit (soft/hard): STACK 8176k/65520k , CORE 0k/infinity , NPROC 1333/2000 , NOFILE 10240/infinity , AS infinity/infinity , CPU infinity/infinity , DATA infinity/infinity , FSIZE infinity/infinity , MEMLOCK infinity/infinity , RSS infinity/infinity
load average: 1.06 1.33 2.24

CPU: total 8 (initial active 8) (1 cores per cpu, 1 threads per core) family 6 model 44 stepping 0 microcode 0x0, cx8, cmov, fxsr, mmx, sse, sse2, sse3, ssse3, sse4.1, sse4.2, popcnt, tsc, tscinvbit, aes, clmul, clflush

Memory: 4k page, physical 8388608k(22536k free), swap 0k(0k free)

vm_info: OpenJDK 64-Bit Server VM (16.0.2+7-67) for bsd-amd64 JRE (16.0.2+7-67), built on Jun  8 2021 22:20:26 by "mach5one" with clang 4.2.1 Compatible Apple LLVM 11.0.0 (clang-1100.0.33.17)

END.
